2023-01-27 00:06:09,610 [INFO] Activator:179 - 


2023-01-27 00:06:09,611 [INFO] Activator:180 - !SESSION log4j initialized
2023-01-27 00:06:33,789 [ERROR] LogOutputStream:74 - [STDERR_REDIRECT] SLF4J: Failed to load class "org.slf4j.impl.StaticLoggerBinder".
2023-01-27 00:06:33,790 [ERROR] LogOutputStream:74 - [STDERR_REDIRECT] SLF4J: Defaulting to no-operation (NOP) logger implementation
2023-01-27 00:06:33,790 [ERROR] LogOutputStream:74 - [STDERR_REDIRECT] SLF4J: See http://www.slf4j.org/codes.html#StaticLoggerBinder for further details.
2023-01-27 00:08:02,539 [ERROR] ConfigurationRetriever:140 - IOException on connection: citools.st.com
2023-01-27 00:08:02,540 [ERROR] ConfigurationRetriever:140 - IOException on connection: citools.st.com
2023-01-27 00:08:02,540 [ERROR] ConfigurationRetriever:140 - IOException on connection: citools.st.com
2023-01-27 00:13:48,374 [INFO] McuFinderGlobals:52 - Set McuFinder mode to 2 (CubeIDE integrated)
2023-01-27 00:13:48,481 [INFO] ApplicationProperties:181 - Using Application install path: /opt/st/stm32cubeide_1.11.2/plugins/com.st.stm32cube.common.mx_6.7.0.202301130839
2023-01-27 00:13:48,499 [INFO] DbMcusXml:77 - Set database path to: /opt/st/stm32cubeide_1.11.2/plugins/com.st.stm32cube.common.mx_6.7.0.202301130839//db//mcu/
2023-01-27 00:13:48,499 [INFO] ApiDb:273 - Set plugin database path to: /opt/st/stm32cubeide_1.11.2/plugins/com.st.stm32cube.common.mx_6.7.0.202301130839//db//plugins/boardmanager/
2023-01-27 00:13:48,503 [WARN] ApiDb:258 - Overriding images path with different value:  => /opt/st/stm32cubeide_1.11.2/plugins/com.st.stm32cube.common.mx_6.7.0.202301130839//db//plugins/mcufinder/images/
2023-01-27 00:13:49,380 [WARN] ApiFinderProperties:110 - /home/swift/.stmcufinder/plugins/mcufinder/mcu/mcuFinder.mfd doesn't exist
2023-01-27 00:13:49,381 [INFO] ApiDb:249 - Set database path to: /home/swift/.stmcufinder/plugins/mcufinder//mcu/
2023-01-27 00:13:49,383 [INFO] DbMcusAds:124 - Set database path to: /home/swift/.stmcufinder/plugins/mcufinder//mcu/
2023-01-27 00:13:49,687 [INFO] CrossReferenceDbSqlite:202 - Set database path to: /home/swift/.stmcufinder/plugins/mcufinder//mcu/cs/
2023-01-27 00:13:49,802 [INFO] RulesReader:61 - Compatibility file has been processed (283 Rules)
2023-01-27 00:13:49,866 [INFO] DbMcusXml:77 - Set database path to: /opt/st/stm32cubeide_1.11.2/plugins/com.st.stm32cube.common.mx_6.7.0.202301130839//db//mcu/
2023-01-27 00:13:49,867 [INFO] ApiDb:273 - Set plugin database path to: /opt/st/stm32cubeide_1.11.2/plugins/com.st.stm32cube.common.mx_6.7.0.202301130839//db//plugins/boardmanager/
2023-01-27 00:13:49,867 [INFO] ApiDb:260 - Set plugin images path to: /opt/st/stm32cubeide_1.11.2/plugins/com.st.stm32cube.common.mx_6.7.0.202301130839//db//plugins/mcufinder/images/
2023-01-27 00:13:49,867 [WARN] DbFile:40 - Overriding database path with different value: /home/swift/.stmcufinder/plugins/mcufinder/ => /home/swift/.stmcufinder/plugins/mcufinder
2023-01-27 00:13:49,868 [INFO] ApiDb:249 - Set database path to: /home/swift/.stmcufinder/plugins/mcufinder//mcu/
2023-01-27 00:13:49,868 [WARN] DbFile:40 - Overriding database path with different value: /home/swift/.stmcufinder/plugins/mcufinder/ => /home/swift/.stmcufinder/plugins/mcufinder
2023-01-27 00:13:49,869 [INFO] DbMcusAds:124 - Set database path to: /home/swift/.stmcufinder/plugins/mcufinder//mcu/
2023-01-27 00:13:49,869 [WARN] DbFile:40 - Overriding database path with different value: /home/swift/.stmcufinder/plugins/mcufinder/ => /home/swift/.stmcufinder/plugins/mcufinder
2023-01-27 00:13:49,869 [WARN] DbFile:40 - Overriding database path with different value: /home/swift/.stmcufinder/plugins/mcufinder/ => /home/swift/.stmcufinder/plugins/mcufinder
2023-01-27 00:13:49,869 [INFO] CrossReferenceDbSqlite:202 - Set database path to: /home/swift/.stmcufinder/plugins/mcufinder//mcu/cs/
2023-01-27 00:13:49,937 [INFO] MainPanel:252 - HeapMemory: 382730240
2023-01-27 00:13:50,033 [INFO] DbMcusXml:77 - Set database path to: /opt/st/stm32cubeide_1.11.2/plugins/com.st.stm32cube.common.mx_6.7.0.202301130839//db//mcu/
2023-01-27 00:13:50,033 [INFO] ApiDb:273 - Set plugin database path to: /opt/st/stm32cubeide_1.11.2/plugins/com.st.stm32cube.common.mx_6.7.0.202301130839//db//plugins/boardmanager/
2023-01-27 00:13:50,034 [INFO] ApiDb:260 - Set plugin images path to: /opt/st/stm32cubeide_1.11.2/plugins/com.st.stm32cube.common.mx_6.7.0.202301130839//db//plugins/mcufinder/images/
2023-01-27 00:13:50,034 [WARN] DbFile:40 - Overriding database path with different value: /home/swift/.stmcufinder/plugins/mcufinder/ => /home/swift/.stmcufinder/plugins/mcufinder
2023-01-27 00:13:50,034 [INFO] ApiDb:249 - Set database path to: /home/swift/.stmcufinder/plugins/mcufinder//mcu/
2023-01-27 00:13:50,034 [WARN] DbFile:40 - Overriding database path with different value: /home/swift/.stmcufinder/plugins/mcufinder/ => /home/swift/.stmcufinder/plugins/mcufinder
2023-01-27 00:13:50,034 [INFO] DbMcusAds:124 - Set database path to: /home/swift/.stmcufinder/plugins/mcufinder//mcu/
2023-01-27 00:13:50,034 [WARN] DbFile:40 - Overriding database path with different value: /home/swift/.stmcufinder/plugins/mcufinder/ => /home/swift/.stmcufinder/plugins/mcufinder
2023-01-27 00:13:50,035 [WARN] DbFile:40 - Overriding database path with different value: /home/swift/.stmcufinder/plugins/mcufinder/ => /home/swift/.stmcufinder/plugins/mcufinder
2023-01-27 00:13:50,035 [INFO] CrossReferenceDbSqlite:202 - Set database path to: /home/swift/.stmcufinder/plugins/mcufinder//mcu/cs/
2023-01-27 00:13:50,066 [INFO] ApplicationProperties:181 - Using Application install path: /opt/st/stm32cubeide_1.11.2/plugins/com.st.stm32cube.common.mx_6.7.0.202301130839
2023-01-27 00:13:50,069 [INFO] PluginManage:193 - Search for loadable plugins [exclusion list=, ]
2023-01-27 00:13:50,070 [INFO] PluginManage:307 - Check plugin analytics
2023-01-27 00:13:50,257 [INFO] AnalyticsPlugin:262 - Accepted Software Licenses: 
2023-01-27 00:13:50,258 [INFO] AnalyticsPlugin:264 - Accepted CMSIS Pack Licenses: 
2023-01-27 00:13:50,259 [INFO] AnalyticsPlugin:266 - Accepted Firmware Licenses: 
2023-01-27 00:13:50,269 [INFO] PluginManage:356 - Loaded plugin analytics (category:tool,tabindex:-1)
2023-01-27 00:13:50,269 [INFO] PluginManage:307 - Check plugin cadmodel
2023-01-27 00:13:50,369 [INFO] CADModel:104 - Init CAD model plugin
2023-01-27 00:13:50,370 [INFO] PluginManage:356 - Loaded plugin cadmodel (category:power,tabindex:5)
2023-01-27 00:13:50,370 [INFO] PluginManage:307 - Check plugin clock
2023-01-27 00:13:50,378 [INFO] PluginManage:356 - Loaded plugin clock (category:base,tabindex:2)
2023-01-27 00:13:50,379 [INFO] PluginManage:307 - Check plugin ddr
2023-01-27 00:13:50,381 [INFO] PluginManage:356 - Loaded plugin ddr (category:tool,tabindex:6)
2023-01-27 00:13:50,381 [INFO] PluginManage:307 - Check plugin filemanager
2023-01-27 00:13:50,540 [INFO] PluginManage:356 - Loaded plugin filemanager (category:base,tabindex:10)
2023-01-27 00:13:50,541 [INFO] PluginManage:307 - Check plugin ipmanager
2023-01-27 00:13:50,547 [INFO] PluginManage:356 - Loaded plugin ipmanager (category:base,tabindex:5)
2023-01-27 00:13:50,547 [INFO] PluginManage:307 - Check plugin lpbam
2023-01-27 00:13:50,557 [INFO] PluginManage:356 - Loaded plugin lpbam (category:base,tabindex:0)
2023-01-27 00:13:50,557 [INFO] PluginManage:307 - Check plugin pinoutandconfiguration
2023-01-27 00:13:50,564 [INFO] PluginManage:356 - Loaded plugin pinoutandconfiguration (category:base,tabindex:1)
2023-01-27 00:13:50,565 [INFO] PluginManage:307 - Check plugin pinoutconfig
2023-01-27 00:13:50,597 [INFO] PluginManage:356 - Loaded plugin pinoutconfig (category:base,tabindex:0)
2023-01-27 00:13:50,598 [INFO] PluginManage:307 - Check plugin power
2023-01-27 00:13:50,605 [INFO] PluginManage:356 - Loaded plugin power (category:power,tabindex:4)
2023-01-27 00:13:50,606 [INFO] PluginManage:307 - Check plugin projectmanager
2023-01-27 00:13:50,625 [INFO] PluginManage:356 - Loaded plugin projectmanager (category:projectmanager,tabindex:3)
2023-01-27 00:13:50,626 [INFO] PluginManage:307 - Check plugin thirdparty
2023-01-27 00:13:50,773 [WARN] IntegrityCheckThread:82 - waiting for thirdparty lock release [integrity check]
2023-01-27 00:13:50,773 [INFO] PluginManage:356 - Loaded plugin thirdparty (category:base,tabindex:-1)
2023-01-27 00:13:50,773 [INFO] IntegrityCheckThread:84 - entering critical section [integrity check]
2023-01-27 00:13:50,774 [INFO] PluginManage:307 - Check plugin tools
2023-01-27 00:13:50,777 [INFO] PluginManage:356 - Loaded plugin tools (category:base,tabindex:7)
2023-01-27 00:13:50,777 [INFO] ThirdPartyUpdaterWithRetryManager:70 - Updater plugin not ready yet. [1/15]
2023-01-27 00:13:50,777 [INFO] PluginManage:307 - Check plugin tutovideos
2023-01-27 00:13:51,024 [INFO] PluginManage:356 - Loaded plugin tutovideos (category:base,tabindex:-1)
2023-01-27 00:13:51,024 [INFO] PluginManage:307 - Check plugin updater
2023-01-27 00:13:51,042 [INFO] PluginManage:356 - Loaded plugin updater (category:base,tabindex:12)
2023-01-27 00:13:51,043 [INFO] PluginManage:280 - PluginManage : Loaded plugins [15]
2023-01-27 00:13:51,313 [INFO] PinOutPanel:1477 - setPackage(No Configuration,No Configuration)
2023-01-27 00:13:51,377 [INFO] CADModel:164 - CPN selected for project level
2023-01-27 00:13:51,377 [INFO] CADModel:113 - Register for checkConnection events
2023-01-27 00:13:51,394 [INFO] IPUIPlugin:79 - create IPUIPlugin
2023-01-27 00:13:51,394 [INFO] PluginManager:219 - loadIPPluginJar : add fmc
2023-01-27 00:13:51,397 [INFO] IPUIPlugin:79 - create IPUIPlugin
2023-01-27 00:13:51,397 [INFO] PluginManager:219 - loadIPPluginJar : add hash
2023-01-27 00:13:51,400 [INFO] IPUIPlugin:79 - create IPUIPlugin
2023-01-27 00:13:51,401 [INFO] PluginManager:219 - loadIPPluginJar : add nvic
2023-01-27 00:13:51,404 [INFO] IPUIPlugin:79 - create IPUIPlugin
2023-01-27 00:13:51,405 [INFO] PluginManager:219 - loadIPPluginJar : add pdm2pcm
2023-01-27 00:13:51,408 [INFO] IPUIPlugin:79 - create IPUIPlugin
2023-01-27 00:13:51,408 [INFO] PluginManager:219 - loadIPPluginJar : add resmgrutility
2023-01-27 00:13:51,411 [INFO] IPUIPlugin:79 - create IPUIPlugin
2023-01-27 00:13:51,411 [INFO] PluginManager:219 - loadIPPluginJar : add i2c
2023-01-27 00:13:51,417 [INFO] IPUIPlugin:79 - create IPUIPlugin
2023-01-27 00:13:51,417 [INFO] PluginManager:219 - loadIPPluginJar : add gic
2023-01-27 00:13:51,420 [INFO] IPUIPlugin:79 - create IPUIPlugin
2023-01-27 00:13:51,420 [INFO] PluginManager:219 - loadIPPluginJar : add usart
2023-01-27 00:13:51,429 [INFO] IPUIPlugin:79 - create IPUIPlugin
2023-01-27 00:13:51,429 [INFO] PluginManager:219 - loadIPPluginJar : add linkedlist
2023-01-27 00:13:51,432 [INFO] IPUIPlugin:79 - create IPUIPlugin
2023-01-27 00:13:51,432 [INFO] PluginManager:219 - loadIPPluginJar : add sai
2023-01-27 00:13:51,435 [INFO] IPUIPlugin:79 - create IPUIPlugin
2023-01-27 00:13:51,435 [INFO] PluginManager:219 - loadIPPluginJar : add lorawan
2023-01-27 00:13:51,441 [INFO] IPUIPlugin:79 - create IPUIPlugin
2023-01-27 00:13:51,442 [INFO] PluginManager:219 - loadIPPluginJar : add adc
2023-01-27 00:13:51,444 [INFO] IPUIPlugin:79 - create IPUIPlugin
2023-01-27 00:13:51,445 [INFO] PluginManager:219 - loadIPPluginJar : add dma3
2023-01-27 00:13:51,447 [INFO] IPUIPlugin:79 - create IPUIPlugin
2023-01-27 00:13:51,447 [INFO] PluginManager:219 - loadIPPluginJar : add aes
2023-01-27 00:13:51,449 [INFO] IPUIPlugin:79 - create IPUIPlugin
2023-01-27 00:13:51,449 [INFO] PluginManager:219 - loadIPPluginJar : add fatfs
2023-01-27 00:13:51,452 [INFO] IPUIPlugin:79 - create IPUIPlugin
2023-01-27 00:13:51,452 [INFO] PluginManager:219 - loadIPPluginJar : add openamp
2023-01-27 00:13:51,454 [INFO] IPUIPlugin:79 - create IPUIPlugin
2023-01-27 00:13:51,454 [INFO] PluginManager:219 - loadIPPluginJar : add quadspi
2023-01-27 00:13:51,458 [INFO] IPUIPlugin:79 - create IPUIPlugin
2023-01-27 00:13:51,458 [INFO] PluginManager:219 - loadIPPluginJar : add gpio
2023-01-27 00:13:51,460 [INFO] IPUIPlugin:79 - create IPUIPlugin
2023-01-27 00:13:51,460 [INFO] PluginManager:219 - loadIPPluginJar : add tim
2023-01-27 00:13:51,464 [INFO] IPUIPlugin:79 - create IPUIPlugin
2023-01-27 00:13:51,464 [INFO] PluginManager:219 - loadIPPluginJar : add ipddr
2023-01-27 00:13:51,466 [INFO] IPUIPlugin:79 - create IPUIPlugin
2023-01-27 00:13:51,466 [INFO] PluginManager:219 - loadIPPluginJar : add tsc
2023-01-27 00:13:51,468 [INFO] IPUIPlugin:79 - create IPUIPlugin
2023-01-27 00:13:51,468 [INFO] PluginManager:219 - loadIPPluginJar : add comp
2023-01-27 00:13:51,470 [INFO] IPUIPlugin:79 - create IPUIPlugin
2023-01-27 00:13:51,470 [INFO] PluginManager:219 - loadIPPluginJar : add i2s
2023-01-27 00:13:51,473 [INFO] IPUIPlugin:79 - create IPUIPlugin
2023-01-27 00:13:51,473 [INFO] PluginManager:219 - loadIPPluginJar : add can
2023-01-27 00:13:51,479 [INFO] IPUIPlugin:79 - create IPUIPlugin
2023-01-27 00:13:51,482 [INFO] PluginManager:219 - loadIPPluginJar : add plateformsettings
2023-01-27 00:13:51,485 [INFO] IPUIPlugin:79 - create IPUIPlugin
2023-01-27 00:13:51,485 [INFO] PluginManager:219 - loadIPPluginJar : add gfxmmu
2023-01-27 00:13:51,487 [INFO] IPUIPlugin:79 - create IPUIPlugin
2023-01-27 00:13:51,487 [INFO] PluginManager:219 - loadIPPluginJar : add ts
2023-01-27 00:13:51,492 [INFO] IPUIPlugin:79 - create IPUIPlugin
2023-01-27 00:13:51,492 [INFO] PluginManager:219 - loadIPPluginJar : add spi
2023-01-27 00:13:51,496 [INFO] IPUIPlugin:79 - create IPUIPlugin
2023-01-27 00:13:51,497 [INFO] PluginManager:219 - loadIPPluginJar : add stm32_wpan
2023-01-27 00:13:51,499 [INFO] IPUIPlugin:79 - create IPUIPlugin
2023-01-27 00:13:51,499 [INFO] PluginManager:219 - loadIPPluginJar : add touchsensing
2023-01-27 00:13:51,501 [INFO] IPUIPlugin:79 - create IPUIPlugin
2023-01-27 00:13:51,501 [INFO] PluginManager:219 - loadIPPluginJar : add tracer_emb
2023-01-27 00:13:51,503 [INFO] IPUIPlugin:79 - create IPUIPlugin
2023-01-27 00:13:51,503 [INFO] PluginManager:219 - loadIPPluginJar : add usbx
2023-01-27 00:13:51,505 [INFO] IPUIPlugin:79 - create IPUIPlugin
2023-01-27 00:13:51,505 [INFO] PluginManager:219 - loadIPPluginJar : add ucpd
2023-01-27 00:13:51,506 [INFO] IPUIPlugin:79 - create IPUIPlugin
2023-01-27 00:13:51,506 [INFO] PluginManager:219 - loadIPPluginJar : add ltdc
2023-01-27 00:13:51,508 [INFO] IPUIPlugin:79 - create IPUIPlugin
2023-01-27 00:13:51,509 [INFO] PluginManager:219 - loadIPPluginJar : add opamp
2023-01-27 00:13:51,514 [INFO] IPUIPlugin:79 - create IPUIPlugin
2023-01-27 00:13:51,514 [INFO] PluginManager:219 - loadIPPluginJar : add mdma
2023-01-27 00:13:51,515 [INFO] IPUIPlugin:79 - create IPUIPlugin
2023-01-27 00:13:51,515 [INFO] PluginManager:219 - loadIPPluginJar : add genericplugin
2023-01-27 00:13:51,520 [INFO] IPUIPlugin:79 - create IPUIPlugin
2023-01-27 00:13:51,521 [INFO] PluginManager:219 - loadIPPluginJar : add freertos
2023-01-27 00:13:51,523 [INFO] IPUIPlugin:79 - create IPUIPlugin
2023-01-27 00:13:51,524 [INFO] PluginManager:219 - loadIPPluginJar : add cryp
2023-01-27 00:13:51,529 [INFO] IPUIPlugin:79 - create IPUIPlugin
2023-01-27 00:13:51,529 [INFO] PluginManager:219 - loadIPPluginJar : add dma
2023-01-27 00:13:51,531 [INFO] IPUIPlugin:79 - create IPUIPlugin
2023-01-27 00:13:51,532 [INFO] PluginManager:219 - loadIPPluginJar : add dfsdm
2023-01-27 00:13:51,534 [INFO] IPUIPlugin:79 - create IPUIPlugin
2023-01-27 00:13:51,534 [INFO] PluginManager:219 - loadIPPluginJar : add gtzc
2023-01-27 00:13:51,654 [INFO] CADModel:164 - CPN selected for project level
2023-01-27 00:13:51,655 [INFO] CADModel:113 - Register for checkConnection events
2023-01-27 00:13:51,655 [FATAL] Updater:308 - Updater called before beeing initialized
2023-01-27 00:13:51,656 [ERROR] CADModel:124 - Updater not yet initialized, retry later 
2023-01-27 00:13:51,805 [INFO] CADModel:164 - CPN selected for project level
2023-01-27 00:13:51,805 [INFO] CADModel:113 - Register for checkConnection events
2023-01-27 00:13:51,806 [FATAL] Updater:308 - Updater called before beeing initialized
2023-01-27 00:13:51,806 [ERROR] CADModel:124 - Updater not yet initialized, retry later 
2023-01-27 00:13:51,809 [FATAL] Updater:308 - Updater called before beeing initialized
2023-01-27 00:13:51,906 [FATAL] Updater:308 - Updater called before beeing initialized
2023-01-27 00:13:51,915 [INFO] DbMcusAds:52 - JSON generation date=Thu Sep 30 15:55:09 KST 2021 (1632984909247)
2023-01-27 00:13:51,915 [FATAL] Updater:308 - Updater called before beeing initialized
2023-01-27 00:13:51,955 [WARN] DetailPanel:344 - Failed to get advertising image, set to default
2023-01-27 00:13:52,097 [FATAL] Updater:308 - Updater called before beeing initialized
2023-01-27 00:13:52,099 [FATAL] Updater:308 - Updater called before beeing initialized
2023-01-27 00:13:52,100 [FATAL] Updater:308 - Updater called before beeing initialized
2023-01-27 00:13:52,100 [WARN] DetailPanel:344 - Failed to get advertising image, set to default
2023-01-27 00:13:52,101 [FATAL] Updater:308 - Updater called before beeing initialized
2023-01-27 00:13:52,145 [ERROR] Updater:1120 - MainUpdater not yet initialized. External WinMGr cannot be set.
2023-01-27 00:13:52,147 [INFO] Updater:1056 - Updater Version found : 6.7.0
2023-01-27 00:13:52,190 [INFO] ApplicationProperties:181 - Using Application install path: /opt/st/stm32cubeide_1.11.2/plugins/com.st.stm32cube.common.mx_6.7.0.202301130839
2023-01-27 00:13:52,225 [INFO] MainUpdater:518 - Copy updater definitions from MX database
2023-01-27 00:13:52,246 [INFO] MainUpdater:551 - Copy flag file definitions from MX database
2023-01-27 00:13:52,247 [INFO] MainUpdater:567 - Copy thirdparty index definitions from MX database
2023-01-27 00:13:52,247 [INFO] MainUpdater:586 - Copy default thirdparty db definitions from MX database
2023-01-27 00:13:52,402 [INFO] MainUpdater:2800 - connection check result : 10
2023-01-27 00:13:52,403 [INFO] MainUpdater:3494 - Updater definition file requires update
2023-01-27 00:13:52,403 [INFO] MainUpdater:282 - Updater Check For Update Now.
2023-01-27 00:13:52,404 [INFO] MicroXplorer:481 - Change Database Version : DB.6.0.70
2023-01-27 00:13:52,474 [INFO] ServerAccessManage:474 - Download File updaters.zip
2023-01-27 00:13:52,650 [INFO] FileExtend:239 - Unzip File : updaters.zip
2023-01-27 00:13:52,650 [INFO] FileExtend:254 - Standard Zip Deflate
2023-01-27 00:13:52,830 [INFO] ServerAccessManage:474 - Download File PacksControlFlags.xml
2023-01-27 00:13:52,923 [INFO] ServerAccessManage:474 - Download File cubemx.pidx
2023-01-27 00:13:53,599 [INFO] ServerAccessManage:474 - Download File STMicroelectronics.FP-ATR-ASTRA1.pdsc
2023-01-27 00:13:53,779 [WARN] MainUpdater:1186 - Updater busy. Cannot search thirdparties
2023-01-27 00:13:53,779 [INFO] ThirdPartyUpdaterWithRetryManager:96 - Updater plugin is busy. [1/15]
2023-01-27 00:13:55,971 [INFO] ServerAccessManage:474 - Download File STMicroelectronics.FP-ATR-SIGFOX1.pdsc
2023-01-27 00:13:56,779 [WARN] MainUpdater:1186 - Updater busy. Cannot search thirdparties
2023-01-27 00:13:56,780 [INFO] ThirdPartyUpdaterWithRetryManager:96 - Updater plugin is busy. [2/15]
2023-01-27 00:13:56,934 [INFO] ServerAccessManage:474 - Download File STMicroelectronics.X-CUBE-AI.pdsc
2023-01-27 00:13:59,780 [WARN] MainUpdater:1186 - Updater busy. Cannot search thirdparties
2023-01-27 00:13:59,781 [INFO] ThirdPartyUpdaterWithRetryManager:96 - Updater plugin is busy. [3/15]
2023-01-27 00:14:02,781 [WARN] MainUpdater:1186 - Updater busy. Cannot search thirdparties
2023-01-27 00:14:02,781 [INFO] ThirdPartyUpdaterWithRetryManager:96 - Updater plugin is busy. [4/15]
2023-01-27 00:14:04,086 [INFO] ServerAccessManage:474 - Download File STMicroelectronics.X-CUBE-ALS.pdsc
2023-01-27 00:14:05,781 [WARN] MainUpdater:1186 - Updater busy. Cannot search thirdparties
2023-01-27 00:14:05,782 [INFO] ThirdPartyUpdaterWithRetryManager:96 - Updater plugin is busy. [5/15]
2023-01-27 00:14:06,079 [INFO] ServerAccessManage:474 - Download File STMicroelectronics.X-CUBE-BLE1.pdsc
2023-01-27 00:14:08,782 [WARN] MainUpdater:1186 - Updater busy. Cannot search thirdparties
2023-01-27 00:14:08,782 [INFO] ThirdPartyUpdaterWithRetryManager:96 - Updater plugin is busy. [6/15]
2023-01-27 00:14:11,783 [WARN] MainUpdater:1186 - Updater busy. Cannot search thirdparties
2023-01-27 00:14:11,783 [INFO] ThirdPartyUpdaterWithRetryManager:96 - Updater plugin is busy. [7/15]
2023-01-27 00:14:12,424 [INFO] MainUpdater:2800 - connection check result : 10
2023-01-27 00:14:12,777 [ERROR] ServerAccessManage:1090 - Problem, file not found on Server
2023-01-27 00:14:13,101 [INFO] ServerAccessManage:474 - Download File STMicroelectronics.X-CUBE-BLE2.pdsc
2023-01-27 00:14:14,783 [WARN] MainUpdater:1186 - Updater busy. Cannot search thirdparties
2023-01-27 00:14:14,784 [INFO] ThirdPartyUpdaterWithRetryManager:96 - Updater plugin is busy. [8/15]
2023-01-27 00:14:17,784 [WARN] MainUpdater:1186 - Updater busy. Cannot search thirdparties
2023-01-27 00:14:17,784 [INFO] ThirdPartyUpdaterWithRetryManager:96 - Updater plugin is busy. [9/15]
2023-01-27 00:14:17,892 [INFO] ServerAccessManage:474 - Download File STMicroelectronics.X-CUBE-BLEMGR.pdsc
2023-01-27 00:14:20,698 [INFO] ServerAccessManage:474 - Download File STMicroelectronics.X-CUBE-DISPLAY.pdsc
2023-01-27 00:14:20,785 [WARN] MainUpdater:1186 - Updater busy. Cannot search thirdparties
2023-01-27 00:14:20,785 [INFO] ThirdPartyUpdaterWithRetryManager:96 - Updater plugin is busy. [10/15]
2023-01-27 00:14:23,785 [WARN] MainUpdater:1186 - Updater busy. Cannot search thirdparties
2023-01-27 00:14:23,786 [INFO] ThirdPartyUpdaterWithRetryManager:96 - Updater plugin is busy. [11/15]
2023-01-27 00:14:24,282 [INFO] ServerAccessManage:474 - Download File STMicroelectronics.X-CUBE-EEPRMA1.pdsc
2023-01-27 00:14:26,431 [ERROR] ServerAccessManage:1090 - Problem, file not found on Server
2023-01-27 00:14:26,794 [WARN] MainUpdater:1186 - Updater busy. Cannot search thirdparties
2023-01-27 00:14:26,794 [INFO] ThirdPartyUpdaterWithRetryManager:96 - Updater plugin is busy. [12/15]
2023-01-27 00:14:28,775 [INFO] ServerAccessManage:474 - Download File STMicroelectronics.X-CUBE-GNSS1.pdsc
2023-01-27 00:14:29,794 [WARN] MainUpdater:1186 - Updater busy. Cannot search thirdparties
2023-01-27 00:14:29,795 [INFO] ThirdPartyUpdaterWithRetryManager:96 - Updater plugin is busy. [13/15]
2023-01-27 00:14:32,624 [INFO] MainUpdater:2800 - connection check result : 10
2023-01-27 00:14:32,795 [WARN] MainUpdater:1186 - Updater busy. Cannot search thirdparties
2023-01-27 00:14:32,795 [INFO] ThirdPartyUpdaterWithRetryManager:96 - Updater plugin is busy. [14/15]
2023-01-27 00:14:32,795 [ERROR] LogOutputStream:74 - [STDERR_REDIRECT] java.lang.NullPointerException
2023-01-27 00:14:32,796 [ERROR] LogOutputStream:74 - [STDERR_REDIRECT] 	at com.st.stm32cube.common.mx.targetselector.TargetSelectorAdapter.getBoard(TargetSelectorAdapter.java:371)
2023-01-27 00:14:32,796 [ERROR] LogOutputStream:74 - [STDERR_REDIRECT] 	at com.st.stm32cube.common.projectcreation.ui.wizard.TargetSetupPageAbstract.getSelectedTargetName(TargetSetupPageAbstract.java:441)
2023-01-27 00:14:32,796 [ERROR] LogOutputStream:74 - [STDERR_REDIRECT] 	at com.st.stm32cube.common.projectcreation.ui.wizard.FirmwareSetupPage.setOptionGroupComposite(FirmwareSetupPage.java:248)
2023-01-27 00:14:32,797 [ERROR] LogOutputStream:74 - [STDERR_REDIRECT] 	at com.st.stm32cube.common.projectcreation.ui.wizard.FirmwareSetupPage.createControl(FirmwareSetupPage.java:204)
2023-01-27 00:14:32,797 [ERROR] LogOutputStream:74 - [STDERR_REDIRECT] 	at org.eclipse.jface.wizard.Wizard.createPageControls(Wizard.java:178)
2023-01-27 00:14:32,797 [ERROR] LogOutputStream:74 - [STDERR_REDIRECT] 	at org.eclipse.jface.wizard.WizardDialog.createPageControls(WizardDialog.java:743)
2023-01-27 00:14:32,797 [ERROR] LogOutputStream:74 - [STDERR_REDIRECT] 	at org.eclipse.jface.wizard.WizardDialog.createContents(WizardDialog.java:635)
2023-01-27 00:14:32,798 [ERROR] LogOutputStream:74 - [STDERR_REDIRECT] 	at org.eclipse.jface.window.Window.create(Window.java:431)
2023-01-27 00:14:32,798 [ERROR] LogOutputStream:74 - [STDERR_REDIRECT] 	at org.eclipse.jface.dialogs.Dialog.create(Dialog.java:1094)
2023-01-27 00:14:32,798 [ERROR] LogOutputStream:74 - [STDERR_REDIRECT] 	at org.eclipse.jface.window.Window.open(Window.java:788)
2023-01-27 00:14:32,798 [ERROR] LogOutputStream:74 - [STDERR_REDIRECT] 	at com.st.stm32cube.ide.mcu.informationcenter.WelcomePageAction.run(WelcomePageAction.java:54)
2023-01-27 00:14:32,799 [ERROR] LogOutputStream:74 - [STDERR_REDIRECT] 	at org.eclipse.ui.internal.intro.impl.model.url.IntroURL.runAction(IntroURL.java:279)
2023-01-27 00:14:32,799 [ERROR] LogOutputStream:74 - [STDERR_REDIRECT] 	at org.eclipse.ui.internal.intro.impl.model.url.IntroURL.doExecute(IntroURL.java:190)
2023-01-27 00:14:32,799 [ERROR] LogOutputStream:74 - [STDERR_REDIRECT] 	at org.eclipse.ui.internal.intro.impl.model.url.IntroURL.lambda$0(IntroURL.java:145)
2023-01-27 00:14:32,799 [ERROR] LogOutputStream:74 - [STDERR_REDIRECT] 	at org.eclipse.swt.custom.BusyIndicator.showWhile(BusyIndicator.java:74)
2023-01-27 00:14:32,799 [ERROR] LogOutputStream:74 - [STDERR_REDIRECT] 	at org.eclipse.ui.internal.intro.impl.model.url.IntroURL.execute(IntroURL.java:145)
2023-01-27 00:14:32,800 [ERROR] LogOutputStream:74 - [STDERR_REDIRECT] 	at org.eclipse.ui.internal.intro.impl.presentations.BrowserIntroPartLocationListener.changing(BrowserIntroPartLocationListener.java:130)
2023-01-27 00:14:32,800 [ERROR] LogOutputStream:74 - [STDERR_REDIRECT] 	at org.eclipse.swt.browser.WebKit.webkit_decide_policy(WebKit.java:2469)
2023-01-27 00:14:32,800 [ERROR] LogOutputStream:74 - [STDERR_REDIRECT] 	at org.eclipse.swt.browser.WebKit.webViewProc(WebKit.java:743)
2023-01-27 00:14:32,800 [ERROR] LogOutputStream:74 - [STDERR_REDIRECT] 	at org.eclipse.swt.browser.WebKit.Proc(WebKit.java:664)
2023-01-27 00:14:32,800 [ERROR] LogOutputStream:74 - [STDERR_REDIRECT] 	at org.eclipse.swt.internal.gtk3.GTK3.gtk_main_iteration_do(Native Method)
2023-01-27 00:14:32,801 [ERROR] LogOutputStream:74 - [STDERR_REDIRECT] 	at org.eclipse.swt.widgets.Display.readAndDispatch(Display.java:4578)
2023-01-27 00:14:32,801 [ERROR] LogOutputStream:74 - [STDERR_REDIRECT] 	at com.st.stm32cube.common.mx.oss.core.awtswtbridge.SwtInputBlocker.open(SwtInputBlocker.java:55)
2023-01-27 00:14:32,801 [ERROR] LogOutputStream:74 - [STDERR_REDIRECT] 	at com.st.stm32cube.common.mx.oss.core.awtswtbridge.SwtInputBlocker.block(SwtInputBlocker.java:111)
2023-01-27 00:14:32,801 [ERROR] LogOutputStream:74 - [STDERR_REDIRECT] 	at com.st.stm32cube.common.mx.oss.core.awtswtbridge.AwtEnvironment.invokeAwt(AwtEnvironment.java:179)
2023-01-27 00:14:32,802 [ERROR] LogOutputStream:74 - [STDERR_REDIRECT] 	at com.st.stm32cube.common.mx.oss.core.awtswtbridge.AwtEnvironment.invokeAwtAndBlockSwt(AwtEnvironment.java:206)
2023-01-27 00:14:32,802 [ERROR] LogOutputStream:74 - [STDERR_REDIRECT] 	at com.st.stm32cube.common.mx.targetselector.TargetSelectorAdapter.launchMCUFinder(TargetSelectorAdapter.java:232)
2023-01-27 00:14:32,802 [ERROR] LogOutputStream:74 - [STDERR_REDIRECT] 	at com.st.stm32cube.common.mx.targetselector.TargetSelectorAdapter.addTargetSelector(TargetSelectorAdapter.java:180)
2023-01-27 00:14:32,802 [ERROR] LogOutputStream:74 - [STDERR_REDIRECT] 	at com.st.stm32cube.common.projectcreation.ui.wizard.TargetSetupPageAbstract.createControl(TargetSetupPageAbstract.java:131)
2023-01-27 00:14:32,802 [ERROR] LogOutputStream:74 - [STDERR_REDIRECT] 	at org.eclipse.jface.wizard.Wizard.createPageControls(Wizard.java:178)
2023-01-27 00:14:32,803 [ERROR] LogOutputStream:74 - [STDERR_REDIRECT] 	at org.eclipse.jface.wizard.WizardDialog.createPageControls(WizardDialog.java:743)
2023-01-27 00:14:32,803 [ERROR] LogOutputStream:74 - [STDERR_REDIRECT] 	at org.eclipse.jface.wizard.WizardDialog.createContents(WizardDialog.java:635)
2023-01-27 00:14:32,803 [ERROR] LogOutputStream:74 - [STDERR_REDIRECT] 	at org.eclipse.jface.window.Window.create(Window.java:431)
2023-01-27 00:14:32,803 [ERROR] LogOutputStream:74 - [STDERR_REDIRECT] 	at org.eclipse.jface.dialogs.Dialog.create(Dialog.java:1094)
2023-01-27 00:14:32,803 [ERROR] LogOutputStream:74 - [STDERR_REDIRECT] 	at org.eclipse.jface.window.Window.open(Window.java:788)
2023-01-27 00:14:32,804 [ERROR] LogOutputStream:74 - [STDERR_REDIRECT] 	at com.st.stm32cube.ide.mcu.informationcenter.WelcomePageAction.run(WelcomePageAction.java:54)
2023-01-27 00:14:32,804 [ERROR] LogOutputStream:74 - [STDERR_REDIRECT] 	at org.eclipse.ui.internal.intro.impl.model.url.IntroURL.runAction(IntroURL.java:279)
2023-01-27 00:14:32,804 [ERROR] LogOutputStream:74 - [STDERR_REDIRECT] 	at org.eclipse.ui.internal.intro.impl.model.url.IntroURL.doExecute(IntroURL.java:190)
2023-01-27 00:14:32,805 [ERROR] LogOutputStream:74 - [STDERR_REDIRECT] 	at org.eclipse.ui.internal.intro.impl.model.url.IntroURL.lambda$0(IntroURL.java:145)
2023-01-27 00:14:32,805 [ERROR] LogOutputStream:74 - [STDERR_REDIRECT] 	at org.eclipse.swt.custom.BusyIndicator.showWhile(BusyIndicator.java:74)
2023-01-27 00:14:32,805 [ERROR] LogOutputStream:74 - [STDERR_REDIRECT] 	at org.eclipse.ui.internal.intro.impl.model.url.IntroURL.execute(IntroURL.java:145)
2023-01-27 00:14:32,805 [ERROR] LogOutputStream:74 - [STDERR_REDIRECT] 	at org.eclipse.ui.internal.intro.impl.presentations.BrowserIntroPartLocationListener.changing(BrowserIntroPartLocationListener.java:130)
2023-01-27 00:14:32,805 [ERROR] LogOutputStream:74 - [STDERR_REDIRECT] 	at org.eclipse.swt.browser.WebKit.webkit_decide_policy(WebKit.java:2469)
2023-01-27 00:14:32,806 [ERROR] LogOutputStream:74 - [STDERR_REDIRECT] 	at org.eclipse.swt.browser.WebKit.webViewProc(WebKit.java:743)
2023-01-27 00:14:32,806 [ERROR] LogOutputStream:74 - [STDERR_REDIRECT] 	at org.eclipse.swt.browser.WebKit.Proc(WebKit.java:664)
2023-01-27 00:14:32,806 [ERROR] LogOutputStream:74 - [STDERR_REDIRECT] 	at org.eclipse.swt.internal.gtk3.GTK3.gtk_main_iteration_do(Native Method)
2023-01-27 00:14:32,806 [ERROR] LogOutputStream:74 - [STDERR_REDIRECT] 	at org.eclipse.swt.widgets.Display.readAndDispatch(Display.java:4578)
2023-01-27 00:14:32,807 [ERROR] LogOutputStream:74 - [STDERR_REDIRECT] 	at org.eclipse.e4.ui.internal.workbench.swt.PartRenderingEngine$5.run(PartRenderingEngine.java:1155)
2023-01-27 00:14:32,807 [ERROR] LogOutputStream:74 - [STDERR_REDIRECT] 	at org.eclipse.core.databinding.observable.Realm.runWithDefault(Realm.java:338)
2023-01-27 00:14:32,807 [ERROR] LogOutputStream:74 - [STDERR_REDIRECT] 	at org.eclipse.e4.ui.internal.workbench.swt.PartRenderingEngine.run(PartRenderingEngine.java:1046)
2023-01-27 00:14:32,807 [ERROR] LogOutputStream:74 - [STDERR_REDIRECT] 	at org.eclipse.e4.ui.internal.workbench.E4Workbench.createAndRunUI(E4Workbench.java:155)
2023-01-27 00:14:32,807 [ERROR] LogOutputStream:74 - [STDERR_REDIRECT] 	at org.eclipse.ui.internal.Workbench.lambda$3(Workbench.java:644)
2023-01-27 00:14:32,808 [ERROR] LogOutputStream:74 - [STDERR_REDIRECT] 	at org.eclipse.core.databinding.observable.Realm.runWithDefault(Realm.java:338)
2023-01-27 00:14:32,808 [ERROR] LogOutputStream:74 - [STDERR_REDIRECT] 	at org.eclipse.ui.internal.Workbench.createAndRunWorkbench(Workbench.java:551)
2023-01-27 00:14:32,808 [ERROR] LogOutputStream:74 - [STDERR_REDIRECT] 	at org.eclipse.ui.PlatformUI.createAndRunWorkbench(PlatformUI.java:156)
2023-01-27 00:14:32,808 [ERROR] LogOutputStream:74 - [STDERR_REDIRECT] 	at org.eclipse.ui.internal.ide.application.IDEApplication.start(IDEApplication.java:152)
2023-01-27 00:14:32,808 [ERROR] LogOutputStream:74 - [STDERR_REDIRECT] 	at org.eclipse.equinox.internal.app.EclipseAppHandle.run(EclipseAppHandle.java:203)
2023-01-27 00:14:32,809 [ERROR] LogOutputStream:74 - [STDERR_REDIRECT] 	at org.eclipse.core.runtime.internal.adaptor.EclipseAppLauncher.runApplication(EclipseAppLauncher.java:136)
2023-01-27 00:14:32,809 [ERROR] LogOutputStream:74 - [STDERR_REDIRECT] 	at org.eclipse.core.runtime.internal.adaptor.EclipseAppLauncher.start(EclipseAppLauncher.java:104)
2023-01-27 00:14:32,809 [ERROR] LogOutputStream:74 - [STDERR_REDIRECT] 	at org.eclipse.core.runtime.adaptor.EclipseStarter.run(EclipseStarter.java:401)
2023-01-27 00:14:32,809 [ERROR] LogOutputStream:74 - [STDERR_REDIRECT] 	at org.eclipse.core.runtime.adaptor.EclipseStarter.run(EclipseStarter.java:255)
2023-01-27 00:14:32,809 [ERROR] LogOutputStream:74 - [STDERR_REDIRECT] 	at java.base/jdk.internal.reflect.NativeMethodAccessorImpl.invoke0(Native Method)
2023-01-27 00:14:32,809 [ERROR] LogOutputStream:74 - [STDERR_REDIRECT] 	at java.base/jdk.internal.reflect.NativeMethodAccessorImpl.invoke(NativeMethodAccessorImpl.java:62)
2023-01-27 00:14:32,810 [ERROR] LogOutputStream:74 - [STDERR_REDIRECT] 	at java.base/jdk.internal.reflect.DelegatingMethodAccessorImpl.invoke(DelegatingMethodAccessorImpl.java:43)
2023-01-27 00:14:32,810 [ERROR] LogOutputStream:74 - [STDERR_REDIRECT] 	at java.base/java.lang.reflect.Method.invoke(Method.java:566)
2023-01-27 00:14:32,810 [ERROR] LogOutputStream:74 - [STDERR_REDIRECT] 	at org.eclipse.equinox.launcher.Main.invokeFramework(Main.java:659)
2023-01-27 00:14:32,810 [ERROR] LogOutputStream:74 - [STDERR_REDIRECT] 	at org.eclipse.equinox.launcher.Main.basicRun(Main.java:596)
2023-01-27 00:14:32,810 [ERROR] LogOutputStream:74 - [STDERR_REDIRECT] 	at org.eclipse.equinox.launcher.Main.run(Main.java:1467)
2023-01-27 00:14:32,811 [ERROR] LogOutputStream:74 - [STDERR_REDIRECT] 	at org.eclipse.equinox.launcher.Main.main(Main.java:1440)
2023-01-27 00:14:33,155 [ERROR] ServerAccessManage:1090 - Problem, file not found on Server
2023-01-27 00:14:33,626 [ERROR] ServerAccessManage:1090 - Problem, file not found on Server
2023-01-27 00:14:34,095 [ERROR] ServerAccessManage:1090 - Problem, file not found on Server
2023-01-27 00:14:34,563 [ERROR] ServerAccessManage:1090 - Problem, file not found on Server
2023-01-27 00:14:35,033 [ERROR] ServerAccessManage:1090 - Problem, file not found on Server
2023-01-27 00:14:35,499 [ERROR] ServerAccessManage:1090 - Problem, file not found on Server
2023-01-27 00:14:35,796 [WARN] MainUpdater:1186 - Updater busy. Cannot search thirdparties
2023-01-27 00:14:35,796 [INFO] ThirdPartyUpdaterWithRetryManager:96 - Updater plugin is busy. [15/15]
2023-01-27 00:14:35,797 [ERROR] IntegrityCheckThread:128 - Cannot retrieve database content from updater: error -1
2023-01-27 00:14:35,798 [INFO] ThirdParty:947 - Integrity check success = false
2023-01-27 00:14:35,798 [INFO] IntegrityCheckThread:98 - exiting critical section [integrity check]
2023-01-27 00:14:35,798 [INFO] IntegrityCheckThread:101 - End integrity checks thread
2023-01-27 00:14:35,973 [INFO] ServerAccessManage:474 - Download File STMicroelectronics.X-CUBE-ISPU.pdsc
2023-01-27 00:14:37,567 [INFO] ServerAccessManage:474 - Download File STMicroelectronics.X-CUBE-MEMS1.pdsc
2023-01-27 00:14:38,856 [INFO] ServerAccessManage:474 - Download File STMicroelectronics.X-CUBE-NFC4.pdsc
2023-01-27 00:14:39,978 [INFO] ServerAccessManage:474 - Download File STMicroelectronics.X-CUBE-NFC7.pdsc
2023-01-27 00:14:41,010 [INFO] ServerAccessManage:474 - Download File STMicroelectronics.X-CUBE-SFXS2LP1.pdsc
2023-01-27 00:14:43,459 [INFO] ServerAccessManage:474 - Download File STMicroelectronics.X-CUBE-SUBG2.pdsc
2023-01-27 00:14:48,630 [INFO] ServerAccessManage:474 - Download File STMicroelectronics.X-CUBE-TOF1.pdsc
2023-01-27 00:14:51,335 [ERROR] ServerAccessManage:1090 - Problem, file not found on Server
2023-01-27 00:14:51,947 [INFO] ServerAccessManage:474 - Download File STMicroelectronics.X-CUBE-TOUCHGFX.pdsc
2023-01-27 00:14:52,754 [INFO] ApiDb:580 - Connected to CubeFinder SQLite database (/home/swift/.stmcufinder/plugins/mcufinder/mcu/cube-finder-db.db)
2023-01-27 00:14:52,803 [INFO] ApiDb:667 - CubeFinder database Data Model version=2.1
2023-01-27 00:14:52,803 [INFO] ApiDb:668 - CubeFinder database Configuration version=3.0.35
2023-01-27 00:14:52,803 [INFO] ApiDb:669 - CubeFinder database generation date=2023-01-11 (1673424164)
2023-01-27 00:14:52,803 [INFO] ApiDb:670 - CubeFinder database FW Pack versions=[FP-ATR-ASTRA1_V1.1.1, STM32Cube_FW_C0_V1.0.0, STM32Cube_FW_F4_V1.27.1, STM32Cube_FW_F7_V1.17.0, STM32Cube_FW_G0_V1.6.1, STM32Cube_FW_G4_V1.5.0, STM32Cube_FW_H5_V0.5.1, STM32Cube_FW_H7_V1.11.0, STM32Cube_FW_L5_V1.5.0, STM32Cube_FW_U5_V1.1.1, STM32Cube_FW_WBA_V0.2.0, STM32Cube_FW_WB_V1.15.0, STM32Cube_FW_WB_V1.15.0RC1, STM32Cube_FW_WL_V1.3.0, X-CUBE-ALGOBUILD_V1.3.0, X-CUBE-ALS_V1.0.1, X-CUBE-AZRTOS-F4_V1.1.0, X-CUBE-AZRTOS-F7_V1.1.0, X-CUBE-AZRTOS-G0_V1.1.0, X-CUBE-AZRTOS-G4_V1.0.0, X-CUBE-AZRTOS-H7_V2.1.0, X-CUBE-AZRTOS-L4_V1.0.0, X-CUBE-AZRTOS-L5_V1.0.0, X-CUBE-AZRTOS-WL_V1.0.0, X-CUBE-BLE1_V6.2.4, X-CUBE-BLE2_V3.3.0, X-CUBE-BLEMGR_V1.3.0, X-CUBE-EEPRMA1_V4.1.0, X-CUBE-GNSS1_V6.0.0, X-CUBE-MEMS1_V9.1.0, X-CUBE-MEMS1_V9.3.0, X-CUBE-MEMS1_V9.4.0, X-CUBE-NFC4_V3.0.0, X-CUBE-NFC7_V1.0.0, X-CUBE-SFXS2LP1_V4.0.0, X-CUBE-SUBG2_V5.0.0]
2023-01-27 00:14:53,105 [INFO] ServerAccessManage:474 - Download File STMicroelectronics.X-CUBE-ALGOBUILD.pdsc
2023-01-27 00:14:54,843 [INFO] ApiDb:239 - Found 143 in-development CPN: [B-WB1M-WPAN1, B-WL5M-SUBG1, NUCLEO-C031C6, STEVAL-PROTEUS1, STEVAL-STWINBX1, STM320518-EVAL, STM32C0116-DK, STM32C011D6Y3TR, STM32C011D6Y6TR, STM32C011F4P3, STM32C011F4P6, STM32C011F4U3, STM32C011F4U6TR, STM32C011F6P3, STM32C011F6P6, STM32C011F6U3, STM32C011F6U6TR, STM32C011J4M3, STM32C011J4M6, STM32C011J6M3, STM32C011J6M6, STM32C0316-DK, STM32C031C4T3, STM32C031C4T6, STM32C031C4U3, STM32C031C4U6, STM32C031C6T3, STM32C031C6T6, STM32C031C6U3, STM32C031C6U6, STM32C031F4P3, STM32C031F4P6, STM32C031F6P3, STM32C031F6P6, STM32C031G4U3, STM32C031G4U6, STM32C031G6U3, STM32C031G6U6, STM32C031K4T3, STM32C031K4T6, STM32C031K4U3, STM32C031K4U6, STM32C031K6T3, STM32C031K6T6, STM32C031K6U3, STM32C031K6U6, STM32G071K8TXN, STM32G071K8UXN, STM32G081GBU6N, STM32G081KBT6N, STM32G081KBUXN, STM32G0B1CCT6N, STM32G0B1KCT6, STM32G0B1NEY6TR, STM32G0B1RCT6N, STM32G0C1CCT6, STM32G0C1CCT6N, STM32G0C1CCU6N, STM32G0C1CET6N, STM32G0C1CEU6N, STM32G0C1KCT6, STM32G0C1NEY6TR, STM32G0C1RCI6N, STM32G0C1RCT6N, STM32G0C1REI6N, STM32G0C1RET6N, STM32G0C1VCI6, STM32G0C1VEI6, STM32G471CCT6, STM32G471CCU6, STM32G471CET3, STM32G471CET6, STM32G471CEU3, STM32G471CEU6, STM32G471MCT6, STM32G471MET3, STM32G471MET6, STM32G471MEY6TR, STM32G471QCT6, STM32G471QET3, STM32G471RCT6, STM32G471RET3, STM32G471RET6, STM32G471VCH6, STM32G471VCI6, STM32G471VCT6, STM32G471VEH3, STM32G471VEH6, STM32G471VEI3, STM32G471VEI6, STM32G471VET3, STM32G471VET6, STM32G474CCT6, STM32L476VGY6PTR, STM32L4R5QGI6STR, STM32MP131AAE3, STM32MP131AAF3, STM32MP131AAG3, STM32MP131CAE3, STM32MP131CAF3, STM32MP131CAG3, STM32MP131DAE7, STM32MP131DAF7, STM32MP131DAG7, STM32MP131FAE7, STM32MP131FAF7, STM32MP131FAG7, STM32MP133AAE3, STM32MP133AAF3, STM32MP133AAG3, STM32MP133CAE3, STM32MP133CAF3, STM32MP133CAG3, STM32MP133DAE7, STM32MP133DAF7, STM32MP133DAG7, STM32MP133FAE7, STM32MP133FAF7, STM32MP133FAG7, STM32MP135AAE3, STM32MP135AAF3, STM32MP135AAG3, STM32MP135CAE3, STM32MP135CAF3, STM32MP135CAG3, STM32MP135DAE7, STM32MP135DAF7, STM32MP135DAG7, STM32MP135F-DK, STM32MP135FAE7, STM32MP135FAF7, STM32MP135FAF7T, STM32MP135FAF7U, STM32MP135FAG7, STM32U595ZJT6Q, STM32U599BJY6QTR, STM32U599NIH6Q, STM32U599NJH6Q, STM32U5A5ZJT6Q, STM32U5A9BJY6QTR, STM32U5A9NJH6Q, STM32WB1MMCH6, STM32WL5MOCH6TR]
2023-01-27 00:14:54,848 [INFO] DbMcus:215 - Found 3582 MCUs, 3582 are supported
2023-01-27 00:14:54,849 [INFO] ApiDb:413 - User favorites file not found: /home/swift/.stm32cubeide/favorites.mcus.txt
2023-01-27 00:14:54,850 [INFO] DbMcus:221 - Set 0 / 0 favorites MCUs
2023-01-27 00:14:55,076 [INFO] McuFinderGlobals:65 - Set McuFinderConnectedMode to true
2023-01-27 00:14:55,083 [INFO] MultiScanPanel:196 - Auto-refresh data requested => check proxy status ongoing
2023-01-27 00:14:55,086 [INFO] FinderPluginLoader:92 - Searching for filters in installed packs
2023-01-27 00:14:55,666 [INFO] ServerAccessManage:474 - Download File STMicroelectronics.X-CUBE-AZRTOS-H7.pdsc
2023-01-27 00:14:56,563 [INFO] ServerAccessManage:474 - Download File STMicroelectronics.X-CUBE-AZRTOS-F4.pdsc
2023-01-27 00:14:56,824 [ERROR] WebUtils:385 - Updater is busy
2023-01-27 00:14:56,824 [WARN] DetailPanel:344 - Failed to get advertising image, set to default
2023-01-27 00:14:57,683 [INFO] ApiDb:667 - CubeFinder database Data Model version=2.1
2023-01-27 00:14:57,683 [INFO] ApiDb:668 - CubeFinder database Configuration version=3.0.35
2023-01-27 00:14:57,683 [INFO] ApiDb:669 - CubeFinder database generation date=2023-01-11 (1673424164)
2023-01-27 00:14:57,683 [INFO] ApiDb:670 - CubeFinder database FW Pack versions=[FP-ATR-ASTRA1_V1.1.1, STM32Cube_FW_C0_V1.0.0, STM32Cube_FW_F4_V1.27.1, STM32Cube_FW_F7_V1.17.0, STM32Cube_FW_G0_V1.6.1, STM32Cube_FW_G4_V1.5.0, STM32Cube_FW_H5_V0.5.1, STM32Cube_FW_H7_V1.11.0, STM32Cube_FW_L5_V1.5.0, STM32Cube_FW_U5_V1.1.1, STM32Cube_FW_WBA_V0.2.0, STM32Cube_FW_WB_V1.15.0, STM32Cube_FW_WB_V1.15.0RC1, STM32Cube_FW_WL_V1.3.0, X-CUBE-ALGOBUILD_V1.3.0, X-CUBE-ALS_V1.0.1, X-CUBE-AZRTOS-F4_V1.1.0, X-CUBE-AZRTOS-F7_V1.1.0, X-CUBE-AZRTOS-G0_V1.1.0, X-CUBE-AZRTOS-G4_V1.0.0, X-CUBE-AZRTOS-H7_V2.1.0, X-CUBE-AZRTOS-L4_V1.0.0, X-CUBE-AZRTOS-L5_V1.0.0, X-CUBE-AZRTOS-WL_V1.0.0, X-CUBE-BLE1_V6.2.4, X-CUBE-BLE2_V3.3.0, X-CUBE-BLEMGR_V1.3.0, X-CUBE-EEPRMA1_V4.1.0, X-CUBE-GNSS1_V6.0.0, X-CUBE-MEMS1_V9.1.0, X-CUBE-MEMS1_V9.3.0, X-CUBE-MEMS1_V9.4.0, X-CUBE-NFC4_V3.0.0, X-CUBE-NFC7_V1.0.0, X-CUBE-SFXS2LP1_V4.0.0, X-CUBE-SUBG2_V5.0.0]
2023-01-27 00:14:57,744 [INFO] DbBoardsSqlite:225 - include board P-NUCLEO-WB55-NUCLEO as a kit item of type 'Nucleo-64'
2023-01-27 00:14:57,744 [INFO] DbBoardsSqlite:225 - include board P-NUCLEO-WB55-USBDONGLE as a kit item of type 'Nucleo USB Dongle'
2023-01-27 00:14:57,745 [INFO] DbBoardsSqlite:225 - include board STEVAL-IDP005V1 as a kit item of type 'Evaluation Board'
2023-01-27 00:14:57,745 [INFO] DbBoardsSqlite:225 - include board STEVAL-IDP005V2 as a kit item of type 'Evaluation Board'
2023-01-27 00:14:57,776 [INFO] ApiDb:239 - Found 143 in-development CPN: [B-WB1M-WPAN1, B-WL5M-SUBG1, NUCLEO-C031C6, STEVAL-PROTEUS1, STEVAL-STWINBX1, STM320518-EVAL, STM32C0116-DK, STM32C011D6Y3TR, STM32C011D6Y6TR, STM32C011F4P3, STM32C011F4P6, STM32C011F4U3, STM32C011F4U6TR, STM32C011F6P3, STM32C011F6P6, STM32C011F6U3, STM32C011F6U6TR, STM32C011J4M3, STM32C011J4M6, STM32C011J6M3, STM32C011J6M6, STM32C0316-DK, STM32C031C4T3, STM32C031C4T6, STM32C031C4U3, STM32C031C4U6, STM32C031C6T3, STM32C031C6T6, STM32C031C6U3, STM32C031C6U6, STM32C031F4P3, STM32C031F4P6, STM32C031F6P3, STM32C031F6P6, STM32C031G4U3, STM32C031G4U6, STM32C031G6U3, STM32C031G6U6, STM32C031K4T3, STM32C031K4T6, STM32C031K4U3, STM32C031K4U6, STM32C031K6T3, STM32C031K6T6, STM32C031K6U3, STM32C031K6U6, STM32G071K8TXN, STM32G071K8UXN, STM32G081GBU6N, STM32G081KBT6N, STM32G081KBUXN, STM32G0B1CCT6N, STM32G0B1KCT6, STM32G0B1NEY6TR, STM32G0B1RCT6N, STM32G0C1CCT6, STM32G0C1CCT6N, STM32G0C1CCU6N, STM32G0C1CET6N, STM32G0C1CEU6N, STM32G0C1KCT6, STM32G0C1NEY6TR, STM32G0C1RCI6N, STM32G0C1RCT6N, STM32G0C1REI6N, STM32G0C1RET6N, STM32G0C1VCI6, STM32G0C1VEI6, STM32G471CCT6, STM32G471CCU6, STM32G471CET3, STM32G471CET6, STM32G471CEU3, STM32G471CEU6, STM32G471MCT6, STM32G471MET3, STM32G471MET6, STM32G471MEY6TR, STM32G471QCT6, STM32G471QET3, STM32G471RCT6, STM32G471RET3, STM32G471RET6, STM32G471VCH6, STM32G471VCI6, STM32G471VCT6, STM32G471VEH3, STM32G471VEH6, STM32G471VEI3, STM32G471VEI6, STM32G471VET3, STM32G471VET6, STM32G474CCT6, STM32L476VGY6PTR, STM32L4R5QGI6STR, STM32MP131AAE3, STM32MP131AAF3, STM32MP131AAG3, STM32MP131CAE3, STM32MP131CAF3, STM32MP131CAG3, STM32MP131DAE7, STM32MP131DAF7, STM32MP131DAG7, STM32MP131FAE7, STM32MP131FAF7, STM32MP131FAG7, STM32MP133AAE3, STM32MP133AAF3, STM32MP133AAG3, STM32MP133CAE3, STM32MP133CAF3, STM32MP133CAG3, STM32MP133DAE7, STM32MP133DAF7, STM32MP133DAG7, STM32MP133FAE7, STM32MP133FAF7, STM32MP133FAG7, STM32MP135AAE3, STM32MP135AAF3, STM32MP135AAG3, STM32MP135CAE3, STM32MP135CAF3, STM32MP135CAG3, STM32MP135DAE7, STM32MP135DAF7, STM32MP135DAG7, STM32MP135F-DK, STM32MP135FAE7, STM32MP135FAF7, STM32MP135FAF7T, STM32MP135FAF7U, STM32MP135FAG7, STM32U595ZJT6Q, STM32U599BJY6QTR, STM32U599NIH6Q, STM32U599NJH6Q, STM32U5A5ZJT6Q, STM32U5A9BJY6QTR, STM32U5A9NJH6Q, STM32WB1MMCH6, STM32WL5MOCH6TR]
2023-01-27 00:14:57,901 [INFO] BoardInfo:879 - No configuration file found for board P-NUCLEO-WB55
2023-01-27 00:14:57,901 [INFO] DbBoards:156 - Kit is not supported: P-NUCLEO-WB55
2023-01-27 00:14:57,905 [INFO] BoardInfo:879 - No configuration file found for board STEVAL-BFA001V1B
2023-01-27 00:14:57,905 [INFO] DbBoards:156 - Kit is not supported: STEVAL-BFA001V1B
2023-01-27 00:14:57,906 [INFO] BoardInfo:879 - No configuration file found for board STEVAL-BFA001V2B
2023-01-27 00:14:57,907 [INFO] DbBoards:156 - Kit is not supported: STEVAL-BFA001V2B
2023-01-27 00:14:57,996 [INFO] DbBoards:160 - Found 179 boards, 176 are supported
2023-01-27 00:14:58,003 [INFO] ApiDb:413 - User favorites file not found: /home/swift/.stm32cubeide/favorites.boards.txt
2023-01-27 00:14:58,003 [INFO] DbBoards:189 - Set 0 / 0 favorites Boards
2023-01-27 00:14:58,201 [INFO] ServerAccessManage:474 - Download File STMicroelectronics.X-CUBE-AZRTOS-F7.pdsc
2023-01-27 00:14:59,902 [INFO] ServerAccessManage:474 - Download File STMicroelectronics.X-CUBE-AZRTOS-L4.pdsc
2023-01-27 00:15:00,601 [INFO] ServerAccessManage:474 - Download File STMicroelectronics.X-CUBE-AZRTOS-L5.pdsc
2023-01-27 00:15:01,350 [INFO] ServerAccessManage:474 - Download File STMicroelectronics.X-CUBE-AZRTOS-G0.pdsc
2023-01-27 00:15:03,014 [INFO] ServerAccessManage:474 - Download File STMicroelectronics.X-CUBE-AZRTOS-G4.pdsc
2023-01-27 00:15:04,018 [INFO] ServerAccessManage:474 - Download File STMicroelectronics.X-CUBE-AZRTOS-WB.pdsc
2023-01-27 00:15:04,688 [INFO] ServerAccessManage:474 - Download File STMicroelectronics.X-CUBE-AZRTOS-WL.pdsc
2023-01-27 00:15:06,091 [INFO] ServerAccessManage:474 - Download File wolfSSL.I-CUBE-wolfSSL.pdsc
2023-01-27 00:15:08,863 [ERROR] ServerAccessManage:1090 - Problem, file not found on Server
2023-01-27 00:15:09,319 [ERROR] ServerAccessManage:1090 - Problem, file not found on Server
2023-01-27 00:15:09,691 [INFO] MainUpdater:2800 - connection check result : 10
2023-01-27 00:15:09,772 [ERROR] ServerAccessManage:1090 - Problem, file not found on Server
2023-01-27 00:15:10,878 [INFO] ServerAccessManage:474 - Download File RoweBots.I-CUBE-UNISONRTOS.pdsc
2023-01-27 00:15:11,884 [ERROR] ServerAccessManage:1090 - Problem, file not found on Server
2023-01-27 00:15:12,458 [ERROR] ServerAccessManage:1090 - Problem, file not found on Server
2023-01-27 00:15:13,012 [ERROR] ServerAccessManage:1090 - Problem, file not found on Server
2023-01-27 00:15:13,551 [ERROR] ServerAccessManage:1090 - Problem, file not found on Server
2023-01-27 00:15:15,678 [INFO] ServerAccessManage:474 - Download File SEGGER.I-CUBE-embOS.pdsc
2023-01-27 00:15:20,847 [INFO] ServerAccessManage:474 - Download File portGmbH.I-Cube-SoM-uGOAL.pdsc
2023-01-27 00:15:27,334 [ERROR] ServerAccessManage:1090 - Problem, file not found on Server
2023-01-27 00:15:27,643 [ERROR] ServerAccessManage:1090 - Problem, file not found on Server
2023-01-27 00:15:27,949 [ERROR] ServerAccessManage:1090 - Problem, file not found on Server
2023-01-27 00:15:29,706 [INFO] McuFinderGlobals:65 - Set McuFinderConnectedMode to true
2023-01-27 00:15:29,709 [INFO] MultiScanPanel:196 - Auto-refresh data requested => check proxy status ongoing
2023-01-27 00:15:29,710 [INFO] FinderPluginLoader:92 - Searching for filters in installed packs
2023-01-27 00:15:30,385 [INFO] ServerAccessManage:474 - Download File emotas.I-CUBE-CANOPEN.pdsc
2023-01-27 00:15:30,699 [ERROR] WebUtils:385 - Updater is busy
2023-01-27 00:15:30,700 [WARN] DetailPanel:344 - Failed to get advertising image, set to default
2023-01-27 00:15:31,471 [WARN] PackLoader:242 - Cannot read IP mode file for STMicroelectronics.FP-ATR-ASTRA1.1.1.1
2023-01-27 00:15:31,482 [WARN] PackLoader:242 - Cannot read IP mode file for STMicroelectronics.FP-ATR-SIGFOX1.3.2.0
2023-01-27 00:15:31,489 [WARN] PackLoader:242 - Cannot read IP mode file for STMicroelectronics.X-CUBE-AI.7.3.0
2023-01-27 00:15:31,514 [WARN] PackLoader:242 - Cannot read IP mode file for STMicroelectronics.X-CUBE-ALS.1.0.1
2023-01-27 00:15:31,517 [WARN] CheckServerUpdateThread:150 - Open CheckUpdateFile Fail
2023-01-27 00:15:31,524 [WARN] PackLoader:242 - Cannot read IP mode file for STMicroelectronics.X-CUBE-BLE1.6.2.4
2023-01-27 00:15:31,533 [WARN] PackLoader:242 - Cannot read IP mode file for STMicroelectronics.X-CUBE-BLE2.3.3.0
2023-01-27 00:15:31,550 [WARN] PackLoader:242 - Cannot read IP mode file for STMicroelectronics.X-CUBE-BLEMGR.1.3.0
2023-01-27 00:15:31,571 [WARN] PackLoader:242 - Cannot read IP mode file for STMicroelectronics.X-CUBE-DISPLAY.3.0.0
2023-01-27 00:15:31,591 [WARN] PackLoader:242 - Cannot read IP mode file for STMicroelectronics.X-CUBE-EEPRMA1.4.1.0
2023-01-27 00:15:31,605 [WARN] PackLoader:242 - Cannot read IP mode file for STMicroelectronics.X-CUBE-GNSS1.6.0.0
2023-01-27 00:15:31,613 [WARN] PackLoader:242 - Cannot read IP mode file for STMicroelectronics.X-CUBE-ISPU.1.1.0
2023-01-27 00:15:31,730 [WARN] PackLoader:242 - Cannot read IP mode file for STMicroelectronics.X-CUBE-MEMS1.9.4.0
2023-01-27 00:15:31,821 [INFO] CheckServerUpdateThread:119 - End of CheckServer Thread
2023-01-27 00:15:32,142 [WARN] PackLoader:242 - Cannot read IP mode file for STMicroelectronics.X-CUBE-NFC4.3.0.0
2023-01-27 00:15:32,151 [WARN] PackLoader:242 - Cannot read IP mode file for STMicroelectronics.X-CUBE-NFC7.1.0.0
2023-01-27 00:15:32,162 [WARN] PackLoader:242 - Cannot read IP mode file for STMicroelectronics.X-CUBE-SFXS2LP1.4.0.0
2023-01-27 00:15:32,182 [WARN] PackLoader:242 - Cannot read IP mode file for STMicroelectronics.X-CUBE-SUBG2.5.0.0
2023-01-27 00:15:32,209 [WARN] PackLoader:242 - Cannot read IP mode file for STMicroelectronics.X-CUBE-TOF1.3.2.0
2023-01-27 00:15:32,227 [WARN] PackLoader:242 - Cannot read IP mode file for STMicroelectronics.X-CUBE-TOUCHGFX.4.21.1
2023-01-27 00:15:32,235 [WARN] PackLoader:242 - Cannot read IP mode file for STMicroelectronics.X-CUBE-ALGOBUILD.1.3.0
2023-01-27 00:15:32,294 [WARN] PackLoader:242 - Cannot read IP mode file for STMicroelectronics.X-CUBE-AZRTOS-H7.3.0.0
2023-01-27 00:15:32,333 [WARN] PackLoader:242 - Cannot read IP mode file for STMicroelectronics.X-CUBE-AZRTOS-F4.1.1.0
2023-01-27 00:15:32,371 [WARN] PackLoader:242 - Cannot read IP mode file for STMicroelectronics.X-CUBE-AZRTOS-F7.1.1.0
2023-01-27 00:15:32,401 [WARN] PackLoader:242 - Cannot read IP mode file for STMicroelectronics.X-CUBE-AZRTOS-L4.1.0.0
2023-01-27 00:15:32,429 [WARN] PackLoader:242 - Cannot read IP mode file for STMicroelectronics.X-CUBE-AZRTOS-L5.1.1.0
2023-01-27 00:15:32,460 [WARN] PackLoader:242 - Cannot read IP mode file for STMicroelectronics.X-CUBE-AZRTOS-G0.1.1.0
2023-01-27 00:15:32,495 [WARN] PackLoader:242 - Cannot read IP mode file for STMicroelectronics.X-CUBE-AZRTOS-G4.1.0.0
2023-01-27 00:15:32,521 [WARN] PackLoader:242 - Cannot read IP mode file for STMicroelectronics.X-CUBE-AZRTOS-WB.1.1.0
2023-01-27 00:15:32,543 [WARN] PackLoader:242 - Cannot read IP mode file for STMicroelectronics.X-CUBE-AZRTOS-WL.1.0.0
2023-01-27 00:15:32,551 [WARN] PackLoader:242 - Cannot read IP mode file for wolfSSL.I-CUBE-wolfSSL.5.5.4
2023-01-27 00:15:32,562 [WARN] PackLoader:242 - Cannot read IP mode file for RoweBots.I-CUBE-UNISONRTOS.5.5.0-4
2023-01-27 00:15:32,622 [WARN] PackLoader:242 - Cannot read IP mode file for SEGGER.I-CUBE-embOS.1.3.0
2023-01-27 00:15:32,724 [WARN] PackLoader:242 - Cannot read IP mode file for portGmbH.I-Cube-SoM-uGOAL.1.1.0
2023-01-27 00:15:32,732 [WARN] PackLoader:242 - Cannot read IP mode file for emotas.I-CUBE-CANOPEN.1.1.3
2023-01-27 00:15:32,734 [INFO] PopulateThirdPartyThread:64 - Ending populate Thread
2023-01-27 00:15:32,739 [INFO] ThirdParty:999 - CMSIS Pack Vendor :STMicroelectronics X-CUBE-ISPU 1.1.0
2023-01-27 00:15:32,739 [INFO] ThirdParty:999 - CMSIS Pack Vendor :STMicroelectronics X-CUBE-DISPLAY 3.0.0
2023-01-27 00:15:32,739 [INFO] ThirdParty:999 - CMSIS Pack Vendor :RoweBots I-CUBE-UNISONRTOS 5.5.0-4
2023-01-27 00:15:32,739 [INFO] ThirdParty:999 - CMSIS Pack Vendor :STMicroelectronics X-CUBE-BLEMGR 1.3.0
2023-01-27 00:15:32,740 [INFO] ThirdParty:999 - CMSIS Pack Vendor :STMicroelectronics X-CUBE-GNSS1 6.0.0
2023-01-27 00:15:32,740 [INFO] ThirdParty:999 - CMSIS Pack Vendor :STMicroelectronics X-CUBE-AZRTOS-F4 1.1.0
2023-01-27 00:15:32,740 [INFO] ThirdParty:999 - CMSIS Pack Vendor :STMicroelectronics FP-ATR-SIGFOX1 3.2.0
2023-01-27 00:15:32,740 [INFO] ThirdParty:999 - CMSIS Pack Vendor :STMicroelectronics X-CUBE-AZRTOS-G4 1.0.0
2023-01-27 00:15:32,740 [INFO] ThirdParty:999 - CMSIS Pack Vendor :wolfSSL I-CUBE-wolfSSL 5.5.4
2023-01-27 00:15:32,740 [INFO] ThirdParty:999 - CMSIS Pack Vendor :STMicroelectronics X-CUBE-AZRTOS-L4 1.0.0
2023-01-27 00:15:32,740 [INFO] ThirdParty:999 - CMSIS Pack Vendor :STMicroelectronics X-CUBE-TOUCHGFX 4.21.1
2023-01-27 00:15:32,740 [INFO] ThirdParty:999 - CMSIS Pack Vendor :STMicroelectronics X-CUBE-NFC7 1.0.0
2023-01-27 00:15:32,740 [INFO] ThirdParty:999 - CMSIS Pack Vendor :STMicroelectronics X-CUBE-AZRTOS-WL 1.0.0
2023-01-27 00:15:32,740 [INFO] ThirdParty:999 - CMSIS Pack Vendor :STMicroelectronics X-CUBE-AZRTOS-F7 1.1.0
2023-01-27 00:15:32,741 [INFO] ThirdParty:999 - CMSIS Pack Vendor :STMicroelectronics X-CUBE-MEMS1 9.4.0
2023-01-27 00:15:32,741 [INFO] ThirdParty:999 - CMSIS Pack Vendor :STMicroelectronics X-CUBE-ALS 1.0.1
2023-01-27 00:15:32,741 [INFO] ThirdParty:999 - CMSIS Pack Vendor :STMicroelectronics X-CUBE-EEPRMA1 4.1.0
2023-01-27 00:15:32,741 [INFO] ThirdParty:999 - CMSIS Pack Vendor :portGmbH I-Cube-SoM-uGOAL 1.1.0
2023-01-27 00:15:32,741 [INFO] ThirdParty:999 - CMSIS Pack Vendor :STMicroelectronics X-CUBE-AI 7.3.0
2023-01-27 00:15:32,741 [INFO] ThirdParty:999 - CMSIS Pack Vendor :STMicroelectronics X-CUBE-AZRTOS-WB 1.1.0
2023-01-27 00:15:32,741 [INFO] ThirdParty:999 - CMSIS Pack Vendor :STMicroelectronics X-CUBE-ALGOBUILD 1.3.0
2023-01-27 00:15:32,741 [INFO] ThirdParty:999 - CMSIS Pack Vendor :STMicroelectronics X-CUBE-BLE1 6.2.4
2023-01-27 00:15:32,741 [INFO] ThirdParty:999 - CMSIS Pack Vendor :STMicroelectronics X-CUBE-AZRTOS-L5 1.1.0
2023-01-27 00:15:32,741 [INFO] ThirdParty:999 - CMSIS Pack Vendor :STMicroelectronics X-CUBE-AZRTOS-G0 1.1.0
2023-01-27 00:15:32,741 [INFO] ThirdParty:999 - CMSIS Pack Vendor :emotas I-CUBE-CANOPEN 1.1.3
2023-01-27 00:15:32,742 [INFO] ThirdParty:999 - CMSIS Pack Vendor :STMicroelectronics X-CUBE-NFC4 3.0.0
2023-01-27 00:15:32,742 [INFO] ThirdParty:999 - CMSIS Pack Vendor :STMicroelectronics X-CUBE-SUBG2 5.0.0
2023-01-27 00:15:32,742 [INFO] ThirdParty:999 - CMSIS Pack Vendor :SEGGER I-CUBE-embOS 1.3.0
2023-01-27 00:15:32,742 [INFO] ThirdParty:999 - CMSIS Pack Vendor :STMicroelectronics X-CUBE-SFXS2LP1 4.0.0
2023-01-27 00:15:32,742 [INFO] ThirdParty:999 - CMSIS Pack Vendor :STMicroelectronics X-CUBE-BLE2 3.3.0
2023-01-27 00:15:32,742 [INFO] ThirdParty:999 - CMSIS Pack Vendor :STMicroelectronics X-CUBE-TOF1 3.2.0
2023-01-27 00:15:32,742 [INFO] ThirdParty:999 - CMSIS Pack Vendor :STMicroelectronics FP-ATR-ASTRA1 1.1.1
2023-01-27 00:15:32,742 [INFO] ThirdParty:999 - CMSIS Pack Vendor :STMicroelectronics X-CUBE-AZRTOS-H7 3.0.0
2023-01-27 00:15:32,744 [INFO] LoadServerUpdatesThread:367 - End of LoadServerUpdate Thread
2023-01-27 00:19:00,897 [INFO] MainUpdater:2800 - connection check result : 10
2023-01-27 00:19:00,898 [INFO] MainUpdater:2800 - connection check result : 10
2023-01-27 00:19:00,913 [INFO] MicroXplorer:451 - Change Database Path : 
2023-01-27 00:19:00,913 [INFO] MicroXplorer:481 - Change Database Version : DB.6.0.70
2023-01-27 00:19:00,913 [WARN] ThirdParty:845 - waiting for thirdparty lock release [close project]
2023-01-27 00:19:00,914 [INFO] ThirdParty:847 - entering critical section [close project]
2023-01-27 00:19:00,915 [INFO] ThirdParty:857 - exiting critical section [close project]
2023-01-27 00:19:00,919 [INFO] PinOutPanel:1477 - setPackage(No Configuration,No Configuration)
2023-01-27 00:19:00,926 [INFO] UtilMem:74 - Begin LoadConfig() Used Memory: 550802880 Bytes (726663168)
2023-01-27 00:19:00,928 [INFO] MicroXplorer:451 - Change Database Path : 
2023-01-27 00:19:00,928 [INFO] MicroXplorer:481 - Change Database Version : DB.6.0.70
2023-01-27 00:19:00,928 [INFO] OpenFileManager:307 - Change cursor
2023-01-27 00:19:00,948 [WARN] IntegrityCheckThread:82 - waiting for thirdparty lock release [integrity check]
2023-01-27 00:19:00,949 [INFO] IntegrityCheckThread:84 - entering critical section [integrity check]
2023-01-27 00:19:01,047 [WARN] PackLoader:242 - Cannot read IP mode file for STMicroelectronics.X-CUBE-GNSS1.6.0.0
2023-01-27 00:19:01,063 [WARN] PackLoader:242 - Cannot read IP mode file for STMicroelectronics.X-CUBE-AZRTOS-F4.1.1.0
2023-01-27 00:19:01,081 [WARN] PackLoader:242 - Cannot read IP mode file for STMicroelectronics.X-CUBE-AZRTOS-F7.1.1.0
2023-01-27 00:19:01,089 [WARN] PackLoader:242 - Cannot read IP mode file for STMicroelectronics.X-CUBE-BLE1.6.2.4
2023-01-27 00:19:01,095 [WARN] PackLoader:242 - Cannot read IP mode file for emotas.I-CUBE-CANOPEN.1.1.3
2023-01-27 00:19:01,103 [WARN] PackLoader:242 - Cannot read IP mode file for STMicroelectronics.X-CUBE-DISPLAY.3.0.0
2023-01-27 00:19:01,110 [WARN] PackLoader:242 - Cannot read IP mode file for wolfSSL.I-CUBE-wolfSSL.5.5.4
2023-01-27 00:19:01,114 [WARN] PackLoader:242 - Cannot read IP mode file for STMicroelectronics.X-CUBE-NFC7.1.0.0
2023-01-27 00:19:01,119 [WARN] PackLoader:242 - Cannot read IP mode file for STMicroelectronics.X-CUBE-EEPRMA1.4.1.0
2023-01-27 00:19:01,126 [WARN] PackLoader:242 - Cannot read IP mode file for STMicroelectronics.X-CUBE-SFXS2LP1.4.0.0
2023-01-27 00:19:01,146 [WARN] PackLoader:242 - Cannot read IP mode file for STMicroelectronics.X-CUBE-BLE2.3.3.0
2023-01-27 00:19:01,161 [WARN] PackLoader:242 - Cannot read IP mode file for STMicroelectronics.X-CUBE-TOF1.3.2.0
2023-01-27 00:19:01,202 [WARN] PackLoader:242 - Cannot read IP mode file for STMicroelectronics.X-CUBE-AZRTOS-H7.3.0.0
2023-01-27 00:19:01,211 [WARN] PackLoader:242 - Cannot read IP mode file for STMicroelectronics.X-CUBE-ISPU.1.1.0
2023-01-27 00:19:01,219 [WARN] PackLoader:242 - Cannot read IP mode file for RoweBots.I-CUBE-UNISONRTOS.5.5.0-4
2023-01-27 00:19:01,223 [WARN] PackLoader:242 - Cannot read IP mode file for STMicroelectronics.X-CUBE-TOUCHGFX.4.21.1
2023-01-27 00:19:01,300 [WARN] PackLoader:242 - Cannot read IP mode file for STMicroelectronics.X-CUBE-MEMS1.9.4.0
2023-01-27 00:19:01,501 [WARN] PackLoader:242 - Cannot read IP mode file for STMicroelectronics.X-CUBE-AI.7.3.0
2023-01-27 00:19:01,506 [WARN] PackLoader:242 - Cannot read IP mode file for STMicroelectronics.X-CUBE-ALGOBUILD.1.3.0
2023-01-27 00:19:01,521 [WARN] PackLoader:242 - Cannot read IP mode file for STMicroelectronics.X-CUBE-AZRTOS-L5.1.1.0
2023-01-27 00:19:01,538 [WARN] PackLoader:242 - Cannot read IP mode file for STMicroelectronics.X-CUBE-AZRTOS-G0.1.1.0
2023-01-27 00:19:01,550 [WARN] PackLoader:242 - Cannot read IP mode file for STMicroelectronics.X-CUBE-SUBG2.5.0.0
2023-01-27 00:19:01,558 [WARN] PackLoader:242 - Cannot read IP mode file for STMicroelectronics.X-CUBE-NFC4.3.0.0
2023-01-27 00:19:01,563 [WARN] PackLoader:242 - Cannot read IP mode file for STMicroelectronics.FP-ATR-ASTRA1.1.1.1
2023-01-27 00:19:01,569 [WARN] PackLoader:242 - Cannot read IP mode file for STMicroelectronics.X-CUBE-BLEMGR.1.3.0
2023-01-27 00:19:01,583 [WARN] PackLoader:242 - Cannot read IP mode file for STMicroelectronics.X-CUBE-AZRTOS-G4.1.0.0
2023-01-27 00:19:01,588 [WARN] PackLoader:242 - Cannot read IP mode file for STMicroelectronics.FP-ATR-SIGFOX1.3.2.0
2023-01-27 00:19:01,605 [WARN] PackLoader:242 - Cannot read IP mode file for STMicroelectronics.X-CUBE-AZRTOS-L4.1.0.0
2023-01-27 00:19:01,618 [WARN] PackLoader:242 - Cannot read IP mode file for STMicroelectronics.X-CUBE-AZRTOS-WL.1.0.0
2023-01-27 00:19:01,622 [WARN] PackLoader:242 - Cannot read IP mode file for portGmbH.I-Cube-SoM-uGOAL.1.1.0
2023-01-27 00:19:01,626 [WARN] PackLoader:242 - Cannot read IP mode file for STMicroelectronics.X-CUBE-ALS.1.0.1
2023-01-27 00:19:01,639 [WARN] PackLoader:242 - Cannot read IP mode file for STMicroelectronics.X-CUBE-AZRTOS-WB.1.1.0
2023-01-27 00:19:01,673 [WARN] PackLoader:242 - Cannot read IP mode file for SEGGER.I-CUBE-embOS.1.3.0
2023-01-27 00:19:01,736 [INFO] ThirdParty:947 - Integrity check success = true
2023-01-27 00:19:01,737 [INFO] IntegrityCheckThread:98 - exiting critical section [integrity check]
2023-01-27 00:19:01,737 [INFO] IntegrityCheckThread:101 - End integrity checks thread
2023-01-27 00:19:01,766 [INFO] Mcu:1925 - Initializing MCU STM32F405RGTx STM32F405RGTx 
2023-01-27 00:19:01,767 [INFO] Mcu:1938 - No CPN specified => set CPN to STM32F405RGT6
2023-01-27 00:19:03,778 [INFO] Context:654 - Trying to add GPIOservice into a context  which must be forbidden
2023-01-27 00:19:04,330 [INFO] ImportTextPane:193 - (OptionalMessage_ERROR) Unable to find key (Mcu.ThirdPartyNb) in loaded IOC file
2023-01-27 00:19:04,330 [INFO] ImportTextPane:193 - (OptionalMessage_ERROR) Unable to find key (Mcu.PinsNb) in loaded IOC file
2023-01-27 00:19:04,330 [INFO] ImportTextPane:193 - (OptionalMessage_ERROR) Unable to find key (Mcu.IPNb) in loaded IOC file
2023-01-27 00:19:04,606 [INFO] RtosManager:489 - Registered RTOS mode: class=CMSIS, group=RTOS, mode=CMSIS_V1, owner=FREERTOS
2023-01-27 00:19:04,606 [INFO] RtosManager:489 - Registered RTOS mode: class=CMSIS, group=RTOS2, mode=CMSIS_V2, owner=FREERTOS
2023-01-27 00:19:04,606 [INFO] RtosManager:489 - Registered RTOS mode: class=RTOS, group=Core, mode=CMSIS_V1, owner=FREERTOS
2023-01-27 00:19:04,607 [INFO] RtosManager:489 - Registered RTOS mode: class=RTOS, group=Core, mode=CMSIS_V2, owner=FREERTOS
2023-01-27 00:19:04,607 [WARN] ModelIntegratedComponent:185 - Missing modes for component STMicroelectronics:FreeRTOS:0.0.1:STMicroelectronics:RTOS:FreeRTOS:Core:::10.2.0:
2023-01-27 00:19:04,631 [WARN] ModelIntegratedComponent:64 - No mode defined for component null
2023-01-27 00:19:04,631 [WARN] ModelIntegratedComponent:64 - No mode defined for component null
2023-01-27 00:19:04,631 [WARN] ModelIntegratedComponent:64 - No mode defined for component null
2023-01-27 00:19:04,631 [WARN] ModelIntegratedComponent:64 - No mode defined for component null
2023-01-27 00:19:04,631 [WARN] ModelIntegratedComponent:64 - No mode defined for component null
2023-01-27 00:19:04,632 [WARN] ModelIntegratedComponent:64 - No mode defined for component null
2023-01-27 00:19:04,632 [WARN] ModelIntegratedComponent:64 - No mode defined for component null
2023-01-27 00:19:04,632 [WARN] ModelIntegratedComponent:64 - No mode defined for component null
2023-01-27 00:19:04,632 [WARN] ModelIntegratedComponent:64 - No mode defined for component null
2023-01-27 00:19:04,632 [WARN] ModelIntegratedComponent:64 - No mode defined for component null
2023-01-27 00:19:04,632 [WARN] ModelIntegratedComponent:64 - No mode defined for component null
2023-01-27 00:19:04,632 [WARN] ModelIntegratedComponent:64 - No mode defined for component null
2023-01-27 00:19:04,632 [WARN] ModelIntegratedComponent:64 - No mode defined for component null
2023-01-27 00:19:04,633 [WARN] ModelIntegratedComponent:64 - No mode defined for component null
2023-01-27 00:19:04,633 [WARN] ModelIntegratedComponent:64 - No mode defined for component null
2023-01-27 00:19:04,633 [WARN] ModelIntegratedComponent:64 - No mode defined for component null
2023-01-27 00:19:04,633 [WARN] ModelIntegratedComponent:64 - No mode defined for component null
2023-01-27 00:19:04,633 [WARN] ModelIntegratedComponent:64 - No mode defined for component null
2023-01-27 00:19:04,633 [WARN] ModelIntegratedComponent:64 - No mode defined for component null
2023-01-27 00:19:04,633 [WARN] ModelIntegratedComponent:64 - No mode defined for component null
2023-01-27 00:19:04,633 [WARN] ModelIntegratedComponent:64 - No mode defined for component null
2023-01-27 00:19:04,634 [WARN] ModelIntegratedComponent:64 - No mode defined for component null
2023-01-27 00:19:04,634 [WARN] ModelIntegratedComponent:64 - No mode defined for component null
2023-01-27 00:19:04,634 [WARN] ModelIntegratedComponent:64 - No mode defined for component null
2023-01-27 00:19:04,634 [WARN] ModelIntegratedComponent:64 - No mode defined for component null
2023-01-27 00:19:04,634 [WARN] ModelIntegratedComponent:64 - No mode defined for component null
2023-01-27 00:19:04,634 [WARN] ModelIntegratedComponent:64 - No mode defined for component null
2023-01-27 00:19:04,634 [WARN] ModelIntegratedComponent:64 - No mode defined for component null
2023-01-27 00:19:04,634 [WARN] ModelIntegratedComponent:64 - No mode defined for component null
2023-01-27 00:19:04,634 [WARN] ModelIntegratedComponent:64 - No mode defined for component null
2023-01-27 00:19:04,634 [WARN] ModelIntegratedComponent:64 - No mode defined for component null
2023-01-27 00:19:04,634 [WARN] ModelIntegratedComponent:64 - No mode defined for component null
2023-01-27 00:19:04,634 [WARN] ModelIntegratedComponent:64 - No mode defined for component null
2023-01-27 00:19:04,666 [INFO] ThirdPartyModel:294 - Start build external matchings
2023-01-27 00:19:05,023 [INFO] ThirdPartyModel:310 - End build external matchings
2023-01-27 00:19:05,422 [INFO] UtilMem:74 - End LoadConfig() Used Memory: 456415472 Bytes (726663168)
2023-01-27 00:19:05,435 [WARN] ThirdParty:807 - waiting for thirdparty lock release [change project]
2023-01-27 00:19:05,435 [INFO] ThirdParty:809 - entering critical section [change project]
2023-01-27 00:19:05,435 [INFO] ThirdParty:999 - CMSIS Pack Vendor :STMicroelectronics X-CUBE-ISPU 1.1.0
2023-01-27 00:19:05,435 [INFO] ThirdParty:999 - CMSIS Pack Vendor :RoweBots I-CUBE-UNISONRTOS 5.5.0-4
2023-01-27 00:19:05,435 [INFO] ThirdParty:999 - CMSIS Pack Vendor :STMicroelectronics X-CUBE-GNSS1 6.0.0
2023-01-27 00:19:05,435 [INFO] ThirdParty:999 - CMSIS Pack Vendor :STMicroelectronics USB_HOST 2.0.0
2023-01-27 00:19:05,435 [INFO] ThirdParty:999 - CMSIS Pack Vendor :STMicroelectronics X-CUBE-AZRTOS-F4 1.1.0
2023-01-27 00:19:05,435 [INFO] ThirdParty:999 - CMSIS Pack Vendor :STMicroelectronics LIBJPEG 8.0.0
2023-01-27 00:19:05,435 [INFO] ThirdParty:999 - CMSIS Pack Vendor :STMicroelectronics USB_DEVICE 3.0.0
2023-01-27 00:19:05,435 [INFO] ThirdParty:999 - CMSIS Pack Vendor :STMicroelectronics X-CUBE-TOUCHGFX 4.21.1
2023-01-27 00:19:05,435 [INFO] ThirdParty:999 - CMSIS Pack Vendor :STMicroelectronics X-CUBE-AZRTOS-F7 1.1.0
2023-01-27 00:19:05,435 [INFO] ThirdParty:999 - CMSIS Pack Vendor :STMicroelectronics X-CUBE-MEMS1 9.4.0
2023-01-27 00:19:05,435 [INFO] ThirdParty:999 - CMSIS Pack Vendor :STMicroelectronics USB_DEVICE 2.0.0
2023-01-27 00:19:05,435 [INFO] ThirdParty:999 - CMSIS Pack Vendor :STMicroelectronics X-CUBE-AI 7.3.0
2023-01-27 00:19:05,436 [INFO] ThirdParty:999 - CMSIS Pack Vendor :STMicroelectronics X-CUBE-ALGOBUILD 1.3.0
2023-01-27 00:19:05,436 [INFO] ThirdParty:999 - CMSIS Pack Vendor :STMicroelectronics X-CUBE-BLE1 6.2.4
2023-01-27 00:19:05,436 [INFO] ThirdParty:999 - CMSIS Pack Vendor :STMicroelectronics X-CUBE-AZRTOS-L5 1.1.0
2023-01-27 00:19:05,436 [INFO] ThirdParty:999 - CMSIS Pack Vendor :STMicroelectronics FreeRTOS 0.0.1
2023-01-27 00:19:05,436 [INFO] ThirdParty:999 - CMSIS Pack Vendor :emotas I-CUBE-CANOPEN 1.1.3
2023-01-27 00:19:05,436 [INFO] ThirdParty:999 - CMSIS Pack Vendor :STMicroelectronics X-CUBE-AZRTOS-G0 1.1.0
2023-01-27 00:19:05,436 [INFO] ThirdParty:999 - CMSIS Pack Vendor :STMicroelectronics X-CUBE-SUBG2 5.0.0
2023-01-27 00:19:05,436 [INFO] ThirdParty:999 - CMSIS Pack Vendor :STMicroelectronics X-CUBE-NFC4 3.0.0
2023-01-27 00:19:05,436 [INFO] ThirdParty:999 - CMSIS Pack Vendor :STMicroelectronics STM32_WPAN 1.0.0
2023-01-27 00:19:05,436 [INFO] ThirdParty:999 - CMSIS Pack Vendor :STMicroelectronics lwIP 2.0.3
2023-01-27 00:19:05,436 [INFO] ThirdParty:999 - CMSIS Pack Vendor :STMicroelectronics USB_HOST 1.0.0
2023-01-27 00:19:05,436 [INFO] ThirdParty:999 - CMSIS Pack Vendor :STMicroelectronics PDM2PCM 3.1.0
2023-01-27 00:19:05,436 [INFO] ThirdParty:999 - CMSIS Pack Vendor :STMicroelectronics FP-ATR-ASTRA1 1.1.1
2023-01-27 00:19:05,437 [INFO] ThirdParty:999 - CMSIS Pack Vendor :STMicroelectronics PDM2PCM 3.3.0
2023-01-27 00:19:05,437 [INFO] ThirdParty:999 - CMSIS Pack Vendor :STMicroelectronics X-CUBE-DISPLAY 3.0.0
2023-01-27 00:19:05,437 [INFO] ThirdParty:999 - CMSIS Pack Vendor :STMicroelectronics X-CUBE-BLEMGR 1.3.0
2023-01-27 00:19:05,437 [INFO] ThirdParty:999 - CMSIS Pack Vendor :STMicroelectronics X-CUBE-AZRTOS-G4 1.0.0
2023-01-27 00:19:05,437 [INFO] ThirdParty:999 - CMSIS Pack Vendor :STMicroelectronics FP-ATR-SIGFOX1 3.2.0
2023-01-27 00:19:05,437 [INFO] ThirdParty:999 - CMSIS Pack Vendor :wolfSSL I-CUBE-wolfSSL 5.5.4
2023-01-27 00:19:05,437 [INFO] ThirdParty:999 - CMSIS Pack Vendor :STMicroelectronics X-CUBE-AZRTOS-L4 1.0.0
2023-01-27 00:19:05,437 [INFO] ThirdParty:999 - CMSIS Pack Vendor :STMicroelectronics HAL Drivers 0.0.0
2023-01-27 00:19:05,437 [INFO] ThirdParty:999 - CMSIS Pack Vendor :STMicroelectronics MBEDTLS 2.16.2
2023-01-27 00:19:05,437 [INFO] ThirdParty:999 - CMSIS Pack Vendor :STMicroelectronics MBEDTLS 2.14.1
2023-01-27 00:19:05,437 [INFO] ThirdParty:999 - CMSIS Pack Vendor :STMicroelectronics X-CUBE-NFC7 1.0.0
2023-01-27 00:19:05,437 [INFO] ThirdParty:999 - CMSIS Pack Vendor :STMicroelectronics X-CUBE-AZRTOS-WL 1.0.0
2023-01-27 00:19:05,438 [INFO] ThirdParty:999 - CMSIS Pack Vendor :STMicroelectronics X-CUBE-EEPRMA1 4.1.0
2023-01-27 00:19:05,438 [INFO] ThirdParty:999 - CMSIS Pack Vendor :portGmbH I-Cube-SoM-uGOAL 1.1.0
2023-01-27 00:19:05,438 [INFO] ThirdParty:999 - CMSIS Pack Vendor :STMicroelectronics X-CUBE-ALS 1.0.1
2023-01-27 00:19:05,438 [INFO] ThirdParty:999 - CMSIS Pack Vendor :STMicroelectronics ThreadX 1.0.0
2023-01-27 00:19:05,438 [INFO] ThirdParty:999 - CMSIS Pack Vendor :STMicroelectronics X-CUBE-AZRTOS-WB 1.1.0
2023-01-27 00:19:05,438 [INFO] ThirdParty:999 - CMSIS Pack Vendor :STMicroelectronics USB_DEVICE 1.0.0
2023-01-27 00:19:05,438 [INFO] ThirdParty:999 - CMSIS Pack Vendor :SEGGER I-CUBE-embOS 1.3.0
2023-01-27 00:19:05,438 [INFO] ThirdParty:999 - CMSIS Pack Vendor :STMicroelectronics ThreadX 0.0.2
2023-01-27 00:19:05,438 [INFO] ThirdParty:999 - CMSIS Pack Vendor :STMicroelectronics lwIP 2.1.2
2023-01-27 00:19:05,438 [INFO] ThirdParty:999 - CMSIS Pack Vendor :STMicroelectronics X-CUBE-SFXS2LP1 4.0.0
2023-01-27 00:19:05,438 [INFO] ThirdParty:999 - CMSIS Pack Vendor :STMicroelectronics X-CUBE-BLE2 3.3.0
2023-01-27 00:19:05,439 [INFO] ThirdParty:999 - CMSIS Pack Vendor :STMicroelectronics X-CUBE-TOF1 3.2.0
2023-01-27 00:19:05,439 [INFO] ThirdParty:999 - CMSIS Pack Vendor :STMicroelectronics PDM2PCM 3.2.0
2023-01-27 00:19:05,439 [INFO] ThirdParty:999 - CMSIS Pack Vendor :STMicroelectronics X-CUBE-AZRTOS-H7 3.0.0
2023-01-27 00:19:05,439 [INFO] ThirdParty:815 - exiting critical section [change project]
2023-01-27 00:19:06,028 [INFO] PinOutPanel:1477 - setPackage(No Configuration,No Configuration)
2023-01-27 00:19:06,030 [INFO] PinOutPanel:1477 - setPackage(STM32F405RGTx,LQFP64)
2023-01-27 00:19:07,042 [INFO] UtilMem:74 - Before build in PCC Used Memory: 225941664 Bytes (726663168)
2023-01-27 00:19:07,784 [INFO] UtilMem:74 - After build in PCC Used Memory: 322410656 Bytes (726663168)
2023-01-27 00:19:07,821 [INFO] IPUIPlugin:79 - create IPUIPlugin
2023-01-27 00:19:07,821 [INFO] IPUIPlugin:79 - create IPUIPlugin
2023-01-27 00:19:07,821 [INFO] IPUIPlugin:79 - create IPUIPlugin
2023-01-27 00:19:07,822 [INFO] IPUIPlugin:79 - create IPUIPlugin
2023-01-27 00:19:07,822 [INFO] IPUIPlugin:79 - create IPUIPlugin
2023-01-27 00:19:07,822 [INFO] IPUIPlugin:79 - create IPUIPlugin
2023-01-27 00:19:07,822 [INFO] IPUIPlugin:79 - create IPUIPlugin
2023-01-27 00:19:07,822 [INFO] IPUIPlugin:79 - create IPUIPlugin
2023-01-27 00:19:07,823 [INFO] IPUIPlugin:79 - create IPUIPlugin
2023-01-27 00:19:07,823 [INFO] IPUIPlugin:79 - create IPUIPlugin
2023-01-27 00:19:07,823 [INFO] IPUIPlugin:79 - create IPUIPlugin
2023-01-27 00:19:07,823 [INFO] IPUIPlugin:79 - create IPUIPlugin
2023-01-27 00:19:07,823 [INFO] IPUIPlugin:79 - create IPUIPlugin
2023-01-27 00:19:07,824 [INFO] IPUIPlugin:79 - create IPUIPlugin
2023-01-27 00:19:07,824 [INFO] IPUIPlugin:79 - create IPUIPlugin
2023-01-27 00:19:07,824 [INFO] IPUIPlugin:79 - create IPUIPlugin
2023-01-27 00:19:07,825 [INFO] IPUIPlugin:79 - create IPUIPlugin
2023-01-27 00:19:07,825 [INFO] IPUIPlugin:79 - create IPUIPlugin
2023-01-27 00:19:07,825 [INFO] IPUIPlugin:79 - create IPUIPlugin
2023-01-27 00:19:07,825 [INFO] IPUIPlugin:79 - create IPUIPlugin
2023-01-27 00:19:07,826 [INFO] IPUIPlugin:79 - create IPUIPlugin
2023-01-27 00:19:07,826 [INFO] IPUIPlugin:79 - create IPUIPlugin
2023-01-27 00:19:07,826 [INFO] IPUIPlugin:79 - create IPUIPlugin
2023-01-27 00:19:07,826 [INFO] IPUIPlugin:79 - create IPUIPlugin
2023-01-27 00:19:07,827 [INFO] IPUIPlugin:79 - create IPUIPlugin
2023-01-27 00:19:07,827 [INFO] IPUIPlugin:79 - create IPUIPlugin
2023-01-27 00:19:07,827 [INFO] IPUIPlugin:79 - create IPUIPlugin
2023-01-27 00:19:07,827 [INFO] IPUIPlugin:79 - create IPUIPlugin
2023-01-27 00:19:07,828 [INFO] IPUIPlugin:79 - create IPUIPlugin
2023-01-27 00:19:07,828 [INFO] IPUIPlugin:79 - create IPUIPlugin
2023-01-27 00:19:07,828 [INFO] IPUIPlugin:79 - create IPUIPlugin
2023-01-27 00:19:07,828 [INFO] IPUIPlugin:79 - create IPUIPlugin
2023-01-27 00:19:07,828 [INFO] IPUIPlugin:79 - create IPUIPlugin
2023-01-27 00:19:07,828 [INFO] IPUIPlugin:79 - create IPUIPlugin
2023-01-27 00:19:07,829 [INFO] IPUIPlugin:79 - create IPUIPlugin
2023-01-27 00:19:07,829 [INFO] IPUIPlugin:79 - create IPUIPlugin
2023-01-27 00:19:07,829 [INFO] IPUIPlugin:79 - create IPUIPlugin
2023-01-27 00:19:07,829 [INFO] IPUIPlugin:79 - create IPUIPlugin
2023-01-27 00:19:07,829 [INFO] IPUIPlugin:79 - create IPUIPlugin
2023-01-27 00:19:07,830 [INFO] IPUIPlugin:79 - create IPUIPlugin
2023-01-27 00:19:07,830 [INFO] IPUIPlugin:79 - create IPUIPlugin
2023-01-27 00:19:07,830 [INFO] IPUIPlugin:79 - create IPUIPlugin
2023-01-27 00:19:07,830 [INFO] IPUIPlugin:79 - create IPUIPlugin
2023-01-27 00:19:07,830 [INFO] IPUIPlugin:79 - create IPUIPlugin
2023-01-27 00:19:07,830 [INFO] IPUIPlugin:79 - create IPUIPlugin
2023-01-27 00:19:07,831 [INFO] IPUIPlugin:79 - create IPUIPlugin
2023-01-27 00:19:07,831 [INFO] IPUIPlugin:79 - create IPUIPlugin
2023-01-27 00:19:07,831 [INFO] IPUIPlugin:79 - create IPUIPlugin
2023-01-27 00:19:07,831 [INFO] IPUIPlugin:79 - create IPUIPlugin
2023-01-27 00:19:07,832 [INFO] IPUIPlugin:79 - create IPUIPlugin
2023-01-27 00:19:07,832 [INFO] IPUIPlugin:79 - create IPUIPlugin
2023-01-27 00:19:07,833 [INFO] IPUIPlugin:79 - create IPUIPlugin
2023-01-27 00:19:07,833 [INFO] IPUIPlugin:79 - create IPUIPlugin
2023-01-27 00:19:07,834 [INFO] IPUIPlugin:79 - create IPUIPlugin
2023-01-27 00:19:07,894 [INFO] ApiDbMcu:505 - Load IP Config File for PDM2PCM
2023-01-27 00:19:08,126 [INFO] CADModel:164 - CPN selected for project levelSTM32F405RGT6
2023-01-27 00:19:08,126 [INFO] CADModel:113 - Register for checkConnection events
2023-01-27 00:19:08,168 [INFO] OpenFileManager:327 - Restore cursor
2023-01-27 00:19:08,806 [INFO] UtilMem:74 - End SaveConfig() Used Memory: 440377504 Bytes (726663168)
2023-01-27 00:19:09,939 [INFO] ServerAccessManage:474 - Download File stm32cube_fw_f4_v1270.zip
2023-01-27 00:22:03,178 [INFO] AnalyticsPlugin:363 - Accepted License(s): [FW.F4.1.27.0]
2023-01-27 00:22:03,179 [INFO] FileExtend:239 - Unzip File : stm32cube_fw_f4_v1270.zip
2023-01-27 00:22:03,179 [INFO] FileExtend:254 - Standard Zip Deflate
2023-01-27 00:22:16,111 [INFO] ServerAccessManage:474 - Download File stm32cube_fw_f4_v1271.zip
2023-01-27 00:22:39,328 [INFO] FileExtend:239 - Unzip File : stm32cube_fw_f4_v1271.zip
2023-01-27 00:22:39,329 [INFO] FileExtend:254 - Standard Zip Deflate
2023-01-27 00:22:42,286 [INFO] LoadServerPackagesThread:190 - End of LoadServerPackages Thread
2023-01-27 00:22:42,436 [INFO] ThirdPartyModel:294 - Start build external matchings
2023-01-27 00:22:42,441 [INFO] UtilMem:74 - End SaveConfig() Used Memory: 251242616 Bytes (1073741824)
2023-01-27 00:22:42,747 [INFO] ThirdPartyModel:310 - End build external matchings
2023-01-27 00:22:42,756 [INFO] CheckServerUpdateThread:119 - End of CheckServer Thread
2023-01-27 00:22:43,078 [INFO] BlockDiagram:2759 - set Specific Code input for plugin: RCC
2023-01-27 00:22:43,078 [INFO] BlockDiagram:2759 - set Specific Code input for plugin: NVIC
2023-01-27 00:22:43,079 [INFO] CodeGenerator:692 - code generatio: config db path: /opt/st/stm32cubeide_1.11.2/plugins/com.st.stm32cube.common.mx_6.7.0.202301130839//db/
2023-01-27 00:22:43,691 [INFO] CodeEngine:247 - oldGeneratedFile, /home/swift/workspace/STM32CubeIDE/dev/STM32F4_FC_DEV/MXTmpFiles/license.tmp_save
2023-01-27 00:22:44,062 [INFO] CodeEngine:271 - Generated code: /home/swift/workspace/STM32CubeIDE/dev/STM32F4_FC_DEV/MXTmpFiles/license.tmp
2023-01-27 00:22:44,071 [INFO] CodeEngine:247 - oldGeneratedFile, /home/swift/workspace/STM32CubeIDE/dev/STM32F4_FC_DEV/Core/Src/stm32f4xx_it.c_save
2023-01-27 00:22:44,229 [INFO] CodeEngine:271 - Generated code: /home/swift/workspace/STM32CubeIDE/dev/STM32F4_FC_DEV/Core/Src/stm32f4xx_it.c
2023-01-27 00:22:44,230 [INFO] CodeEngine:247 - oldGeneratedFile, /home/swift/workspace/STM32CubeIDE/dev/STM32F4_FC_DEV/Core/Inc/stm32f4xx_it.h_save
2023-01-27 00:22:44,349 [INFO] CodeEngine:271 - Generated code: /home/swift/workspace/STM32CubeIDE/dev/STM32F4_FC_DEV/Core/Inc/stm32f4xx_it.h
2023-01-27 00:22:44,403 [INFO] CodeEngine:247 - oldGeneratedFile, /home/swift/workspace/STM32CubeIDE/dev/STM32F4_FC_DEV/Core/Src/stm32f4xx_hal_msp.c_save
2023-01-27 00:22:44,567 [INFO] CodeEngine:271 - Generated code: /home/swift/workspace/STM32CubeIDE/dev/STM32F4_FC_DEV/Core/Src/stm32f4xx_hal_msp.c
2023-01-27 00:22:44,568 [INFO] CodeEngine:247 - oldGeneratedFile, /home/swift/workspace/STM32CubeIDE/dev/STM32F4_FC_DEV/MXTmpFiles/system.tmp_save
2023-01-27 00:22:44,678 [INFO] CodeEngine:271 - Generated code: /home/swift/workspace/STM32CubeIDE/dev/STM32F4_FC_DEV/MXTmpFiles/system.tmp
2023-01-27 00:22:44,682 [INFO] CodeEngine:303 - oldGeneratedFile, /home/swift/workspace/STM32CubeIDE/dev/STM32F4_FC_DEV/Core/Inc/stm32f4xx_hal_conf.h_save
2023-01-27 00:22:44,813 [INFO] CodeEngine:327 - Generated code: /home/swift/workspace/STM32CubeIDE/dev/STM32F4_FC_DEV/Core/Inc/stm32f4xx_hal_conf.h
2023-01-27 00:22:44,860 [INFO] CodeEngine:247 - oldGeneratedFile, /home/swift/workspace/STM32CubeIDE/dev/STM32F4_FC_DEV/Core/Inc/main.h_save
2023-01-27 00:22:44,993 [INFO] CodeEngine:271 - Generated code: /home/swift/workspace/STM32CubeIDE/dev/STM32F4_FC_DEV/Core/Inc/main.h
2023-01-27 00:22:44,994 [INFO] CodeEngine:247 - oldGeneratedFile, /home/swift/workspace/STM32CubeIDE/dev/STM32F4_FC_DEV/Core/Src/main.c_save
2023-01-27 00:22:45,156 [INFO] CodeEngine:271 - Generated code: /home/swift/workspace/STM32CubeIDE/dev/STM32F4_FC_DEV/Core/Src/main.c
2023-01-27 00:22:45,840 [INFO] ProjectBuilder:2919 - Time for Copy HAL[1] : 19mS.
2023-01-27 00:22:45,852 [INFO] ProjectBuilder:4183 - Project Generator version: 3.18.0-B7
2023-01-27 00:22:46,403 [INFO] ConfigFileManager:1396 - The Die is : DIE413
2023-01-27 00:22:46,415 [INFO] ApiDbMcu:505 - Load IP Config File for FATFS
2023-01-27 00:22:46,428 [INFO] ApiDbMcu:505 - Load IP Config File for FREERTOS
2023-01-27 00:22:46,433 [INFO] ApiDbMcu:505 - Load IP Config File for LIBJPEG
2023-01-27 00:22:46,449 [INFO] ApiDbMcu:505 - Load IP Config File for MBEDTLS
2023-01-27 00:22:46,469 [INFO] ApiDbMcu:505 - Load IP Config File for USB_DEVICE
2023-01-27 00:22:46,480 [INFO] ApiDbMcu:505 - Load IP Config File for USB_HOST
2023-01-27 00:22:51,501 [INFO] ProjectBuilder:4351 - Time for Generating toolchain IDE Files: 5649mS.
2023-01-27 00:22:51,502 [INFO] ProjectBuilder:2790 - Time for Copy CMSIS : 1mS.
2023-01-27 00:22:51,502 [INFO] ProjectBuilder:2790 - Time for Copy CMSIS : 0mS.
2023-01-27 00:22:51,796 [INFO] McuFinderGlobals:65 - Set McuFinderConnectedMode to true
2023-01-27 00:22:51,798 [INFO] ApiDb:447 - Save user favorites file /home/swift/.stm32cubeide/favorites.mcus.txt: 0 item(s)
2023-01-27 00:22:51,798 [INFO] ApiDb:451 - User favorites MCUs=[]
2023-01-27 00:22:52,009 [ERROR] ConfigurationRetriever:140 - IOException on connection: citools.st.com
2023-01-27 00:22:52,010 [ERROR] ConfigurationRetriever:140 - IOException on connection: citools.st.com
2023-01-27 00:22:52,010 [ERROR] ConfigurationRetriever:140 - IOException on connection: citools.st.com
2023-01-27 00:22:52,415 [INFO] McuFinderGlobals:65 - Set McuFinderConnectedMode to true
2023-01-27 00:22:52,416 [INFO] MultiScanPanel:196 - Auto-refresh data requested => check proxy status ongoing
2023-01-27 00:22:52,416 [INFO] FinderPluginLoader:92 - Searching for filters in installed packs
2023-01-27 00:22:53,831 [INFO] ServerAccessManage:474 - Download File 
2023-01-27 00:22:53,842 [INFO] LoadUrlFilesThread:179 - End of LoadServerUrlFiles without Thread
2023-01-27 00:22:53,862 [INFO] DetailPanel:339 - Set advertising image to /home/swift/STM32Cube/Repository//en.Prom_NBSTM32U50921.jpg
2023-01-27 00:31:04,841 [INFO] McuFinderGlobals:65 - Set McuFinderConnectedMode to true
2023-01-27 00:31:04,855 [INFO] ApiDb:447 - Save user favorites file /home/swift/.stm32cubeide/favorites.mcus.txt: 0 item(s)
2023-01-27 00:31:04,855 [INFO] ApiDb:451 - User favorites MCUs=[]
2023-01-27 00:33:18,503 [INFO] UtilMem:74 - End SaveConfig() Used Memory: 425691552 Bytes (696254464)
2023-01-27 00:36:45,574 [INFO] UtilMem:74 - End SaveConfig() Used Memory: 225399592 Bytes (696254464)
2023-01-27 00:36:48,864 [INFO] UtilMem:74 - End SaveConfig() Used Memory: 252140328 Bytes (696254464)
2023-01-27 00:36:55,937 [INFO] UtilMem:74 - End SaveConfig() Used Memory: 359420744 Bytes (696254464)
2023-01-27 00:36:56,264 [INFO] BlockDiagram:2759 - set Specific Code input for plugin: RCC
2023-01-27 00:36:56,264 [INFO] BlockDiagram:2759 - set Specific Code input for plugin: NVIC
2023-01-27 00:36:56,264 [INFO] BlockDiagram:2759 - set Specific Code input for plugin: GPIO
2023-01-27 00:36:56,265 [INFO] CodeGenerator:692 - code generatio: config db path: /opt/st/stm32cubeide_1.11.2/plugins/com.st.stm32cube.common.mx_6.7.0.202301130839//db/
2023-01-27 00:36:56,546 [INFO] CodeEngine:247 - oldGeneratedFile, /home/swift/workspace/STM32CubeIDE/dev/STM32F4_FC_DEV/MXTmpFiles/license.tmp_save
2023-01-27 00:36:56,695 [INFO] CodeEngine:271 - Generated code: /home/swift/workspace/STM32CubeIDE/dev/STM32F4_FC_DEV/MXTmpFiles/license.tmp
2023-01-27 00:36:56,718 [INFO] CodeEngine:247 - oldGeneratedFile, /home/swift/workspace/STM32CubeIDE/dev/STM32F4_FC_DEV/MXTmpFiles/gpio.tmp_save
2023-01-27 00:36:56,861 [INFO] CodeEngine:271 - Generated code: /home/swift/workspace/STM32CubeIDE/dev/STM32F4_FC_DEV/MXTmpFiles/gpio.tmp
2023-01-27 00:36:56,865 [INFO] CodeEngine:247 - oldGeneratedFile, /home/swift/workspace/STM32CubeIDE/dev/STM32F4_FC_DEV/Core/Src/stm32f4xx_it.c_save
2023-01-27 00:36:57,147 [INFO] CodeEngine:271 - Generated code: /home/swift/workspace/STM32CubeIDE/dev/STM32F4_FC_DEV/Core/Src/stm32f4xx_it.c
2023-01-27 00:36:57,149 [INFO] CodeEngine:247 - oldGeneratedFile, /home/swift/workspace/STM32CubeIDE/dev/STM32F4_FC_DEV/Core/Inc/stm32f4xx_it.h_save
2023-01-27 00:36:57,247 [INFO] CodeEngine:271 - Generated code: /home/swift/workspace/STM32CubeIDE/dev/STM32F4_FC_DEV/Core/Inc/stm32f4xx_it.h
2023-01-27 00:36:57,254 [INFO] CodeEngine:247 - oldGeneratedFile, /home/swift/workspace/STM32CubeIDE/dev/STM32F4_FC_DEV/Core/Src/stm32f4xx_hal_msp.c_save
2023-01-27 00:36:57,409 [INFO] CodeEngine:271 - Generated code: /home/swift/workspace/STM32CubeIDE/dev/STM32F4_FC_DEV/Core/Src/stm32f4xx_hal_msp.c
2023-01-27 00:36:57,410 [INFO] CodeEngine:247 - oldGeneratedFile, /home/swift/workspace/STM32CubeIDE/dev/STM32F4_FC_DEV/MXTmpFiles/system.tmp_save
2023-01-27 00:36:57,500 [INFO] CodeEngine:271 - Generated code: /home/swift/workspace/STM32CubeIDE/dev/STM32F4_FC_DEV/MXTmpFiles/system.tmp
2023-01-27 00:36:57,502 [INFO] CodeEngine:303 - oldGeneratedFile, /home/swift/workspace/STM32CubeIDE/dev/STM32F4_FC_DEV/Core/Inc/stm32f4xx_hal_conf.h_save
2023-01-27 00:36:57,610 [INFO] CodeEngine:327 - Generated code: /home/swift/workspace/STM32CubeIDE/dev/STM32F4_FC_DEV/Core/Inc/stm32f4xx_hal_conf.h
2023-01-27 00:36:57,627 [INFO] CodeEngine:247 - oldGeneratedFile, /home/swift/workspace/STM32CubeIDE/dev/STM32F4_FC_DEV/Core/Inc/main.h_save
2023-01-27 00:36:57,790 [INFO] CodeEngine:271 - Generated code: /home/swift/workspace/STM32CubeIDE/dev/STM32F4_FC_DEV/Core/Inc/main.h
2023-01-27 00:36:57,792 [INFO] CodeEngine:247 - oldGeneratedFile, /home/swift/workspace/STM32CubeIDE/dev/STM32F4_FC_DEV/Core/Src/main.c_save
2023-01-27 00:36:57,934 [INFO] CodeEngine:271 - Generated code: /home/swift/workspace/STM32CubeIDE/dev/STM32F4_FC_DEV/Core/Src/main.c
2023-01-27 00:36:58,699 [INFO] ProjectBuilder:2919 - Time for Copy HAL[1] : 20mS.
2023-01-27 00:36:58,701 [INFO] ProjectBuilder:4183 - Project Generator version: 3.18.0-B7
2023-01-27 00:36:58,991 [INFO] ConfigFileManager:1396 - The Die is : DIE413
2023-01-27 00:37:00,735 [INFO] ProjectBuilder:4351 - Time for Generating toolchain IDE Files: 2034mS.
2023-01-27 00:37:00,736 [INFO] ProjectBuilder:2790 - Time for Copy CMSIS : 0mS.
2023-01-27 00:37:00,737 [INFO] ProjectBuilder:2790 - Time for Copy CMSIS : 0mS.
2023-01-27 00:37:01,039 [ERROR] ConfigurationRetriever:140 - IOException on connection: citools.st.com
2023-01-27 00:37:01,039 [ERROR] ConfigurationRetriever:140 - IOException on connection: citools.st.com
2023-01-27 00:37:01,040 [ERROR] ConfigurationRetriever:140 - IOException on connection: citools.st.com
2023-01-27 00:39:50,125 [INFO] UtilMem:74 - End SaveConfig() Used Memory: 276519840 Bytes (705691648)
2023-01-27 00:39:50,218 [INFO] UtilMem:74 - End SaveConfig() Used Memory: 297491360 Bytes (705691648)
2023-01-27 00:39:50,625 [INFO] UtilMem:74 - End SaveConfig() Used Memory: 329997216 Bytes (705691648)
2023-01-27 00:39:50,880 [INFO] BlockDiagram:2759 - set Specific Code input for plugin: RCC
2023-01-27 00:39:50,880 [INFO] BlockDiagram:2759 - set Specific Code input for plugin: NVIC
2023-01-27 00:39:50,880 [INFO] BlockDiagram:2759 - set Specific Code input for plugin: GPIO
2023-01-27 00:39:50,881 [INFO] CodeGenerator:692 - code generatio: config db path: /opt/st/stm32cubeide_1.11.2/plugins/com.st.stm32cube.common.mx_6.7.0.202301130839//db/
2023-01-27 00:39:51,213 [INFO] CodeEngine:247 - oldGeneratedFile, /home/swift/workspace/STM32CubeIDE/dev/STM32F4_FC_DEV/MXTmpFiles/license.tmp_save
2023-01-27 00:39:51,288 [INFO] CodeEngine:271 - Generated code: /home/swift/workspace/STM32CubeIDE/dev/STM32F4_FC_DEV/MXTmpFiles/license.tmp
2023-01-27 00:39:51,306 [INFO] CodeEngine:247 - oldGeneratedFile, /home/swift/workspace/STM32CubeIDE/dev/STM32F4_FC_DEV/Core/Src/gpio.c_save
2023-01-27 00:39:51,388 [INFO] CodeEngine:271 - Generated code: /home/swift/workspace/STM32CubeIDE/dev/STM32F4_FC_DEV/Core/Src/gpio.c
2023-01-27 00:39:51,389 [INFO] CodeEngine:247 - oldGeneratedFile, /home/swift/workspace/STM32CubeIDE/dev/STM32F4_FC_DEV/Core/Inc/gpio.h_save
2023-01-27 00:39:51,465 [INFO] CodeEngine:271 - Generated code: /home/swift/workspace/STM32CubeIDE/dev/STM32F4_FC_DEV/Core/Inc/gpio.h
2023-01-27 00:39:51,470 [INFO] CodeEngine:247 - oldGeneratedFile, /home/swift/workspace/STM32CubeIDE/dev/STM32F4_FC_DEV/Core/Src/stm32f4xx_it.c_save
2023-01-27 00:39:51,564 [INFO] CodeEngine:271 - Generated code: /home/swift/workspace/STM32CubeIDE/dev/STM32F4_FC_DEV/Core/Src/stm32f4xx_it.c
2023-01-27 00:39:51,565 [INFO] CodeEngine:247 - oldGeneratedFile, /home/swift/workspace/STM32CubeIDE/dev/STM32F4_FC_DEV/Core/Inc/stm32f4xx_it.h_save
2023-01-27 00:39:51,640 [INFO] CodeEngine:271 - Generated code: /home/swift/workspace/STM32CubeIDE/dev/STM32F4_FC_DEV/Core/Inc/stm32f4xx_it.h
2023-01-27 00:39:51,642 [WARN] IPConfigManager:4122 - WARNING: Missing Config File for SYS ip!!
2023-01-27 00:39:51,653 [INFO] CodeEngine:247 - oldGeneratedFile, /home/swift/workspace/STM32CubeIDE/dev/STM32F4_FC_DEV/MXTmpFiles/system.tmp_save
2023-01-27 00:39:51,729 [INFO] CodeEngine:271 - Generated code: /home/swift/workspace/STM32CubeIDE/dev/STM32F4_FC_DEV/MXTmpFiles/system.tmp
2023-01-27 00:39:51,730 [INFO] CodeEngine:247 - oldGeneratedFile, /home/swift/workspace/STM32CubeIDE/dev/STM32F4_FC_DEV/Core/Inc/stm32_assert.h_save
2023-01-27 00:39:51,804 [INFO] CodeEngine:271 - Generated code: /home/swift/workspace/STM32CubeIDE/dev/STM32F4_FC_DEV/Core/Inc/stm32_assert.h
2023-01-27 00:39:51,818 [WARN] IPConfigManager:2928 - Warning: the RefConfig RCC_PLL_PLLM_CONFIG is not available in your config.xml file
2023-01-27 00:39:51,818 [WARN] IPConfigManager:2928 - Warning: the RefConfig RCC_PLL_PLLSOURCE_CONFIG is not available in your config.xml file
2023-01-27 00:39:51,818 [WARN] IPConfigManager:2928 - Warning: the RefConfig RCC_ConfigVoltageScaling is not available in your config.xml file
2023-01-27 00:39:51,866 [WARN] IPConfigManager:2928 - Warning: the RefConfig RCC_ClockConfig is not available in your config.xml file
2023-01-27 00:39:51,866 [WARN] IPConfigManager:2928 - Warning: the RefConfig RCC_MCO1Config is not available in your config.xml file
2023-01-27 00:39:51,867 [WARN] IPConfigManager:2928 - Warning: the RefConfig RCC_MCO2Config is not available in your config.xml file
2023-01-27 00:39:51,867 [WARN] IPConfigManager:2928 - Warning: the RefConfig RCC_interrupt_Time_SYSTICK_Config is not available in your config.xml file
2023-01-27 00:39:51,867 [WARN] IPConfigManager:2928 - Warning: the RefConfig RCC_SYSTICK_CONFIG is not available in your config.xml file
2023-01-27 00:39:51,886 [INFO] CodeEngine:247 - oldGeneratedFile, /home/swift/workspace/STM32CubeIDE/dev/STM32F4_FC_DEV/Core/Inc/main.h_save
2023-01-27 00:39:52,010 [INFO] CodeEngine:271 - Generated code: /home/swift/workspace/STM32CubeIDE/dev/STM32F4_FC_DEV/Core/Inc/main.h
2023-01-27 00:39:52,011 [INFO] CodeEngine:247 - oldGeneratedFile, /home/swift/workspace/STM32CubeIDE/dev/STM32F4_FC_DEV/Core/Src/main.c_save
2023-01-27 00:39:52,122 [INFO] CodeEngine:271 - Generated code: /home/swift/workspace/STM32CubeIDE/dev/STM32F4_FC_DEV/Core/Src/main.c
2023-01-27 00:39:52,745 [INFO] ProjectBuilder:2919 - Time for Copy HAL[1] : 14mS.
2023-01-27 00:39:52,747 [INFO] ProjectBuilder:4183 - Project Generator version: 3.18.0-B7
2023-01-27 00:39:53,292 [INFO] ConfigFileManager:1396 - The Die is : DIE413
2023-01-27 00:39:54,807 [INFO] ProjectBuilder:4351 - Time for Generating toolchain IDE Files: 2060mS.
2023-01-27 00:39:54,808 [INFO] ProjectBuilder:2790 - Time for Copy CMSIS : 1mS.
2023-01-27 00:39:54,808 [INFO] ProjectBuilder:2790 - Time for Copy CMSIS : 0mS.
2023-01-27 00:39:55,019 [ERROR] ConfigurationRetriever:140 - IOException on connection: citools.st.com
2023-01-27 00:39:55,020 [ERROR] ConfigurationRetriever:140 - IOException on connection: citools.st.com
2023-01-27 00:39:55,020 [ERROR] ConfigurationRetriever:140 - IOException on connection: citools.st.com
2023-01-27 00:44:04,530 [ERROR] ConfigurationRetriever:140 - IOException on connection: citools.st.com
2023-01-27 00:44:04,531 [ERROR] ConfigurationRetriever:140 - IOException on connection: citools.st.com
2023-01-27 00:44:04,531 [ERROR] ConfigurationRetriever:140 - IOException on connection: citools.st.com
2023-01-27 00:45:35,478 [ERROR] ConfigurationRetriever:140 - IOException on connection: citools.st.com
2023-01-27 00:45:35,479 [ERROR] ConfigurationRetriever:140 - IOException on connection: citools.st.com
2023-01-27 00:45:35,480 [ERROR] ConfigurationRetriever:140 - IOException on connection: citools.st.com
2023-01-27 00:50:01,263 [ERROR] ConfigurationRetriever:140 - IOException on connection: citools.st.com
2023-01-27 00:50:01,264 [ERROR] ConfigurationRetriever:140 - IOException on connection: citools.st.com
2023-01-27 00:50:01,265 [ERROR] ConfigurationRetriever:140 - IOException on connection: citools.st.com
2023-01-27 00:50:28,937 [ERROR] ConfigurationRetriever:140 - IOException on connection: citools.st.com
2023-01-27 00:50:28,938 [ERROR] ConfigurationRetriever:140 - IOException on connection: citools.st.com
2023-01-27 00:50:28,938 [ERROR] ConfigurationRetriever:140 - IOException on connection: citools.st.com
2023-01-27 00:51:55,980 [ERROR] ConfigurationRetriever:140 - IOException on connection: citools.st.com
2023-01-27 00:51:55,981 [ERROR] ConfigurationRetriever:140 - IOException on connection: citools.st.com
2023-01-27 00:51:55,981 [ERROR] ConfigurationRetriever:140 - IOException on connection: citools.st.com
2023-01-27 00:52:01,280 [ERROR] ConfigurationRetriever:140 - IOException on connection: citools.st.com
2023-01-27 00:52:01,281 [ERROR] ConfigurationRetriever:140 - IOException on connection: citools.st.com
2023-01-27 00:52:01,281 [ERROR] ConfigurationRetriever:140 - IOException on connection: citools.st.com
2023-01-27 00:52:50,293 [ERROR] ConfigurationRetriever:140 - IOException on connection: citools.st.com
2023-01-27 00:52:50,294 [ERROR] ConfigurationRetriever:140 - IOException on connection: citools.st.com
2023-01-27 00:52:50,294 [ERROR] ConfigurationRetriever:140 - IOException on connection: citools.st.com
2023-01-27 01:08:09,247 [ERROR] ConfigurationRetriever:140 - IOException on connection: citools.st.com
2023-01-27 01:08:09,248 [ERROR] ConfigurationRetriever:140 - IOException on connection: citools.st.com
2023-01-27 01:08:09,249 [ERROR] ConfigurationRetriever:140 - IOException on connection: citools.st.com
2023-01-27 01:08:09,745 [ERROR] ConfigurationRetriever:140 - IOException on connection: citools.st.com
2023-01-27 01:08:09,745 [ERROR] ConfigurationRetriever:140 - IOException on connection: citools.st.com
2023-01-27 01:08:09,746 [ERROR] ConfigurationRetriever:140 - IOException on connection: citools.st.com
2023-01-27 01:14:19,725 [ERROR] ConfigurationRetriever:140 - IOException on connection: citools.st.com
2023-01-27 01:14:19,727 [ERROR] ConfigurationRetriever:140 - IOException on connection: citools.st.com
2023-01-27 01:14:19,727 [ERROR] ConfigurationRetriever:140 - IOException on connection: citools.st.com
2023-01-27 01:14:20,491 [INFO] JxBrowserEngine:114 - Initiate JxBrowser Engine with user profile folder
2023-01-27 01:14:24,193 [INFO] WebAppUi:459 - Close the Jxbrowser engine manually
2023-01-27 01:14:24,196 [INFO] WebAppUi:462 - Profiles folder deleted
2023-01-27 01:14:25,049 [ERROR] LogOutputStream:74 - [STDERR_REDIRECT] 
2023-01-27 01:14:47,732 [INFO] Activator:179 - 


2023-01-27 01:14:47,734 [INFO] Activator:180 - !SESSION log4j initialized
2023-01-27 01:14:53,603 [ERROR] ConfigurationRetriever:140 - IOException on connection: citools.st.com
2023-01-27 01:14:53,608 [ERROR] ConfigurationRetriever:140 - IOException on connection: citools.st.com
2023-01-27 01:14:53,609 [ERROR] ConfigurationRetriever:140 - IOException on connection: citools.st.com
2023-01-27 01:15:13,831 [ERROR] LogOutputStream:74 - [STDERR_REDIRECT] SLF4J: Failed to load class "org.slf4j.impl.StaticLoggerBinder".
2023-01-27 01:15:13,831 [ERROR] LogOutputStream:74 - [STDERR_REDIRECT] SLF4J: Defaulting to no-operation (NOP) logger implementation
2023-01-27 01:15:13,832 [ERROR] LogOutputStream:74 - [STDERR_REDIRECT] SLF4J: See http://www.slf4j.org/codes.html#StaticLoggerBinder for further details.
